[6.903s] DEBUG:colcon:Command line arguments: ['/usr/bin/colcon', 'build']
[6.904s] DEBUG:colcon:Parsed command line arguments: Namespace(log_base=None, log_level=None, verb_name='build', build_base='build', install_base='install', merge_install=False, symlink_install=False, test_result_base=None, continue_on_error=False, executor='parallel', parallel_workers=2, event_handlers=None, ignore_user_meta=False, metas=['./colcon.meta'], base_paths=['.'], packages_ignore=None, packages_ignore_regex=None, paths=None, packages_up_to=None, packages_up_to_regex=None, packages_above=None, packages_above_and_dependencies=None, packages_above_depth=None, packages_select_by_dep=None, packages_skip_by_dep=None, packages_skip_up_to=None, packages_select_build_failed=False, packages_skip_build_finished=False, packages_select_test_failures=False, packages_skip_test_passed=False, packages_select=None, packages_skip=None, packages_select_regex=None, packages_skip_regex=None, packages_start=None, packages_end=None, allow_overriding=[], cmake_args=None, cmake_target=None, cmake_target_skip_unavailable=False, cmake_clean_cache=False, cmake_clean_first=False, cmake_force_configure=False, ament_cmake_args=None, catkin_cmake_args=None, catkin_skip_building_tests=False, verb_parser=<colcon_defaults.argument_parser.defaults.DefaultArgumentsDecorator object at 0x7fb38d9d83a0>, verb_extension=<colcon_core.verb.build.BuildVerb object at 0x7fb38dafe3b0>, main=<bound method BuildVerb.main of <colcon_core.verb.build.BuildVerb object at 0x7fb38dafe3b0>>)
[7.334s] Level 1:colcon.colcon_core.package_discovery:discover_packages(colcon_meta) check parameters
[7.335s] Level 1:colcon.colcon_core.package_discovery:discover_packages(recursive) check parameters
[7.335s] Level 1:colcon.colcon_core.package_discovery:discover_packages(ignore) check parameters
[7.335s] Level 1:colcon.colcon_core.package_discovery:discover_packages(path) check parameters
[7.335s] Level 1:colcon.colcon_core.package_discovery:discover_packages(colcon_meta) discover
[7.335s] Level 1:colcon.colcon_core.package_discovery:discover_packages(recursive) discover
[7.335s] INFO:colcon.colcon_core.package_discovery:Crawling recursively for packages in '/home/levin/ROS2_WS/obstacle_avoidance_bot'
[7.336s] Level 1:colcon.colcon_core.package_identification:_identify(.) by extensions ['ignore', 'ignore_ament_install']
[7.351s] Level 1:colcon.colcon_core.package_identification:_identify(.) by extension 'ignore'
[7.351s] Level 1:colcon.colcon_core.package_identification:_identify(.) by extension 'ignore_ament_install'
[7.352s] Level 1:colcon.colcon_core.package_identification:_identify(.) by extensions ['colcon_pkg']
[7.352s] Level 1:colcon.colcon_core.package_identification:_identify(.) by extension 'colcon_pkg'
[7.352s] Level 1:colcon.colcon_core.package_identification:_identify(.) by extensions ['colcon_meta']
[7.352s] Level 1:colcon.colcon_core.package_identification:_identify(.) by extension 'colcon_meta'
[7.352s] Level 1:colcon.colcon_core.package_identification:_identify(.) by extensions ['ros']
[7.352s] Level 1:colcon.colcon_core.package_identification:_identify(.) by extension 'ros'
[7.435s] Level 1:colcon.colcon_core.package_identification:_identify(.) by extensions ['cmake', 'python']
[7.435s] Level 1:colcon.colcon_core.package_identification:_identify(.) by extension 'cmake'
[7.435s] Level 1:colcon.colcon_core.package_identification:_identify(.) by extension 'python'
[7.435s] Level 1:colcon.colcon_core.package_identification:_identify(.) by extensions ['python_setup_py']
[7.435s] Level 1:colcon.colcon_core.package_identification:_identify(.) by extension 'python_setup_py'
[7.436s] Level 1:colcon.colcon_core.package_identification:_identify(build) by extensions ['ignore', 'ignore_ament_install']
[7.436s] Level 1:colcon.colcon_core.package_identification:_identify(build) by extension 'ignore'
[7.436s] Level 1:colcon.colcon_core.package_identification:_identify(build) ignored
[7.436s] Level 1:colcon.colcon_core.package_identification:_identify(install) by extensions ['ignore', 'ignore_ament_install']
[7.436s] Level 1:colcon.colcon_core.package_identification:_identify(install) by extension 'ignore'
[7.436s] Level 1:colcon.colcon_core.package_identification:_identify(install) ignored
[7.436s] Level 1:colcon.colcon_core.package_identification:_identify(log) by extensions ['ignore', 'ignore_ament_install']
[7.436s] Level 1:colcon.colcon_core.package_identification:_identify(log) by extension 'ignore'
[7.436s] Level 1:colcon.colcon_core.package_identification:_identify(log) ignored
[7.436s] Level 1:colcon.colcon_core.package_identification:_identify(my_package) by extensions ['ignore', 'ignore_ament_install']
[7.437s] Level 1:colcon.colcon_core.package_identification:_identify(my_package) by extension 'ignore'
[7.437s] Level 1:colcon.colcon_core.package_identification:_identify(my_package) by extension 'ignore_ament_install'
[7.437s] Level 1:colcon.colcon_core.package_identification:_identify(my_package) by extensions ['colcon_pkg']
[7.437s] Level 1:colcon.colcon_core.package_identification:_identify(my_package) by extension 'colcon_pkg'
[7.437s] Level 1:colcon.colcon_core.package_identification:_identify(my_package) by extensions ['colcon_meta']
[7.437s] Level 1:colcon.colcon_core.package_identification:_identify(my_package) by extension 'colcon_meta'
[7.437s] Level 1:colcon.colcon_core.package_identification:_identify(my_package) by extensions ['ros']
[7.437s] Level 1:colcon.colcon_core.package_identification:_identify(my_package) by extension 'ros'
[7.454s] DEBUG:colcon.colcon_core.package_identification:Package 'my_package' with type 'ros.ament_python' and name 'my_package'
[7.454s] Level 1:colcon.colcon_core.package_discovery:discover_packages(recursive) using defaults
[7.454s] Level 1:colcon.colcon_core.package_discovery:discover_packages(ignore) discover
[7.454s] Level 1:colcon.colcon_core.package_discovery:discover_packages(ignore) using defaults
[7.454s] Level 1:colcon.colcon_core.package_discovery:discover_packages(path) discover
[7.454s] Level 1:colcon.colcon_core.package_discovery:discover_packages(path) using defaults
[7.622s] Level 1:colcon.colcon_core.package_discovery:discover_packages(prefix_path) check parameters
[7.622s] Level 1:colcon.colcon_core.package_discovery:discover_packages(prefix_path) discover
[7.627s] DEBUG:colcon.colcon_installed_package_information.package_discovery:Found 292 installed packages in /opt/ros/humble
[7.628s] Level 1:colcon.colcon_core.package_discovery:discover_packages(prefix_path) using defaults
[8.675s] Level 5:colcon.colcon_core.verb:set package 'my_package' build argument 'cmake_args' from command line to 'None'
[8.675s] Level 5:colcon.colcon_core.verb:set package 'my_package' build argument 'cmake_target' from command line to 'None'
[8.675s] Level 5:colcon.colcon_core.verb:set package 'my_package' build argument 'cmake_target_skip_unavailable' from command line to 'False'
[8.675s] Level 5:colcon.colcon_core.verb:set package 'my_package' build argument 'cmake_clean_cache' from command line to 'False'
[8.675s] Level 5:colcon.colcon_core.verb:set package 'my_package' build argument 'cmake_clean_first' from command line to 'False'
[8.675s] Level 5:colcon.colcon_core.verb:set package 'my_package' build argument 'cmake_force_configure' from command line to 'False'
[8.675s] Level 5:colcon.colcon_core.verb:set package 'my_package' build argument 'ament_cmake_args' from command line to 'None'
[8.675s] Level 5:colcon.colcon_core.verb:set package 'my_package' build argument 'catkin_cmake_args' from command line to 'None'
[8.675s] Level 5:colcon.colcon_core.verb:set package 'my_package' build argument 'catkin_skip_building_tests' from command line to 'False'
[8.675s] DEBUG:colcon.colcon_core.verb:Building package 'my_package' with the following arguments: {'ament_cmake_args': None, 'build_base': '/home/levin/ROS2_WS/obstacle_avoidance_bot/build/my_package', 'catkin_cmake_args': None, 'catkin_skip_building_tests': False, 'cmake_args': None, 'cmake_clean_cache': False, 'cmake_clean_first': False, 'cmake_force_configure': False, 'cmake_target': None, 'cmake_target_skip_unavailable': False, 'install_base': '/home/levin/ROS2_WS/obstacle_avoidance_bot/install/my_package', 'merge_install': False, 'path': '/home/levin/ROS2_WS/obstacle_avoidance_bot/my_package', 'symlink_install': False, 'test_result_base': None}
[8.676s] INFO:colcon.colcon_core.executor:Executing jobs using 'parallel' executor
[8.680s] DEBUG:colcon.colcon_parallel_executor.executor.parallel:run_until_complete
[8.681s] INFO:colcon.colcon_ros.task.ament_python.build:Building ROS package in '/home/levin/ROS2_WS/obstacle_avoidance_bot/my_package' with build type 'ament_python'
[8.681s] Level 1:colcon.colcon_core.shell:create_environment_hook('my_package', 'ament_prefix_path')
[8.743s] INFO:colcon.colcon_core.plugin_system:Skipping extension 'colcon_core.shell.bat': Not used on non-Windows systems
[8.743s] INFO:colcon.colcon_core.shell:Creating environment hook '/home/levin/ROS2_WS/obstacle_avoidance_bot/install/my_package/share/my_package/hook/ament_prefix_path.ps1'
[8.756s] INFO:colcon.colcon_core.shell:Creating environment descriptor '/home/levin/ROS2_WS/obstacle_avoidance_bot/install/my_package/share/my_package/hook/ament_prefix_path.dsv'
[8.777s] INFO:colcon.colcon_core.shell:Creating environment hook '/home/levin/ROS2_WS/obstacle_avoidance_bot/install/my_package/share/my_package/hook/ament_prefix_path.sh'
[8.780s] INFO:colcon.colcon_core.shell:Skip shell extension 'powershell' for command environment: Not usable outside of PowerShell
[8.780s] DEBUG:colcon.colcon_core.shell:Skip shell extension 'dsv' for command environment
[9.198s] INFO:colcon.colcon_core.task.python.build:Building Python package in '/home/levin/ROS2_WS/obstacle_avoidance_bot/my_package'
[9.200s] INFO:colcon.colcon_core.shell:Skip shell extension 'powershell' for command environment: Not usable outside of PowerShell
[9.200s] DEBUG:colcon.colcon_core.shell:Skip shell extension 'dsv' for command environment
[9.898s] DEBUG:colcon.colcon_core.event_handler.log_command:Invoking command in '/home/levin/ROS2_WS/obstacle_avoidance_bot/my_package': PYTHONPATH=/home/levin/ROS2_WS/obstacle_avoidance_bot/build/my_package/prefix_override:/home/levin/ROS2_WS/obstacle_avoidance_bot/install/my_package/lib/python3.10/site-packages:${PYTHONPATH} /usr/bin/python3 setup.py egg_info --egg-base ../build/my_package build --build-base /home/levin/ROS2_WS/obstacle_avoidance_bot/build/my_package/build install --record /home/levin/ROS2_WS/obstacle_avoidance_bot/build/my_package/install.log --single-version-externally-managed
[10.355s] DEBUG:colcon.colcon_core.event_handler.log_command:Invoked command in '/home/levin/ROS2_WS/obstacle_avoidance_bot/my_package' returned '0': PYTHONPATH=/home/levin/ROS2_WS/obstacle_avoidance_bot/build/my_package/prefix_override:/home/levin/ROS2_WS/obstacle_avoidance_bot/install/my_package/lib/python3.10/site-packages:${PYTHONPATH} /usr/bin/python3 setup.py egg_info --egg-base ../build/my_package build --build-base /home/levin/ROS2_WS/obstacle_avoidance_bot/build/my_package/build install --record /home/levin/ROS2_WS/obstacle_avoidance_bot/build/my_package/install.log --single-version-externally-managed
[10.400s] Level 1:colcon.colcon_core.environment:checking '/home/levin/ROS2_WS/obstacle_avoidance_bot/install/my_package' for CMake module files
[10.400s] Level 1:colcon.colcon_core.environment:checking '/home/levin/ROS2_WS/obstacle_avoidance_bot/install/my_package' for CMake config files
[10.401s] Level 1:colcon.colcon_core.environment:checking '/home/levin/ROS2_WS/obstacle_avoidance_bot/install/my_package/lib'
[10.401s] Level 1:colcon.colcon_core.environment:checking '/home/levin/ROS2_WS/obstacle_avoidance_bot/install/my_package/bin'
[10.401s] Level 1:colcon.colcon_core.environment:checking '/home/levin/ROS2_WS/obstacle_avoidance_bot/install/my_package/lib/pkgconfig/my_package.pc'
[10.402s] Level 1:colcon.colcon_core.environment:checking '/home/levin/ROS2_WS/obstacle_avoidance_bot/install/my_package/lib/python3.10/site-packages'
[10.402s] Level 1:colcon.colcon_core.shell:create_environment_hook('my_package', 'pythonpath')
[10.403s] INFO:colcon.colcon_core.shell:Creating environment hook '/home/levin/ROS2_WS/obstacle_avoidance_bot/install/my_package/share/my_package/hook/pythonpath.ps1'
[10.404s] INFO:colcon.colcon_core.shell:Creating environment descriptor '/home/levin/ROS2_WS/obstacle_avoidance_bot/install/my_package/share/my_package/hook/pythonpath.dsv'
[10.404s] INFO:colcon.colcon_core.shell:Creating environment hook '/home/levin/ROS2_WS/obstacle_avoidance_bot/install/my_package/share/my_package/hook/pythonpath.sh'
[10.404s] Level 1:colcon.colcon_core.environment:checking '/home/levin/ROS2_WS/obstacle_avoidance_bot/install/my_package/bin'
[10.405s] Level 1:colcon.colcon_core.environment:create_environment_scripts_only(my_package)
[10.406s] INFO:colcon.colcon_core.shell:Creating package script '/home/levin/ROS2_WS/obstacle_avoidance_bot/install/my_package/share/my_package/package.ps1'
[10.407s] INFO:colcon.colcon_core.shell:Creating package descriptor '/home/levin/ROS2_WS/obstacle_avoidance_bot/install/my_package/share/my_package/package.dsv'
[10.427s] INFO:colcon.colcon_core.shell:Creating package script '/home/levin/ROS2_WS/obstacle_avoidance_bot/install/my_package/share/my_package/package.sh'
[10.429s] INFO:colcon.colcon_core.shell:Creating package script '/home/levin/ROS2_WS/obstacle_avoidance_bot/install/my_package/share/my_package/package.bash'
[10.430s] INFO:colcon.colcon_core.shell:Creating package script '/home/levin/ROS2_WS/obstacle_avoidance_bot/install/my_package/share/my_package/package.zsh'
[10.430s] Level 1:colcon.colcon_core.environment:create_file_with_runtime_dependencies(/home/levin/ROS2_WS/obstacle_avoidance_bot/install/my_package/share/colcon-core/packages/my_package)
[10.431s] DEBUG:colcon.colcon_parallel_executor.executor.parallel:closing loop
[10.431s] DEBUG:colcon.colcon_parallel_executor.executor.parallel:loop closed
[10.431s] DEBUG:colcon.colcon_parallel_executor.executor.parallel:run_until_complete finished with '0'
[10.431s] DEBUG:colcon.colcon_core.event_reactor:joining thread
[10.499s] INFO:colcon.colcon_core.plugin_system:Skipping extension 'colcon_notification.desktop_notification.terminal_notifier': Not used on non-Darwin systems
[10.499s] INFO:colcon.colcon_core.plugin_system:Skipping extension 'colcon_notification.desktop_notification.win32': Not used on non-Windows systems
[10.499s] INFO:colcon.colcon_notification.desktop_notification:Sending desktop notification using 'notify2'
[10.514s] DEBUG:colcon.colcon_core.event_reactor:joined thread
[10.516s] INFO:colcon.colcon_core.shell:Creating prefix script '/home/levin/ROS2_WS/obstacle_avoidance_bot/install/local_setup.ps1'
[10.517s] INFO:colcon.colcon_core.shell:Creating prefix util module '/home/levin/ROS2_WS/obstacle_avoidance_bot/install/_local_setup_util_ps1.py'
[10.519s] INFO:colcon.colcon_core.shell:Creating prefix chain script '/home/levin/ROS2_WS/obstacle_avoidance_bot/install/setup.ps1'
[10.521s] INFO:colcon.colcon_core.shell:Creating prefix script '/home/levin/ROS2_WS/obstacle_avoidance_bot/install/local_setup.sh'
[10.521s] INFO:colcon.colcon_core.shell:Creating prefix util module '/home/levin/ROS2_WS/obstacle_avoidance_bot/install/_local_setup_util_sh.py'
[10.522s] INFO:colcon.colcon_core.shell:Creating prefix chain script '/home/levin/ROS2_WS/obstacle_avoidance_bot/install/setup.sh'
[10.524s] INFO:colcon.colcon_core.shell:Creating prefix script '/home/levin/ROS2_WS/obstacle_avoidance_bot/install/local_setup.bash'
[10.526s] INFO:colcon.colcon_core.shell:Creating prefix chain script '/home/levin/ROS2_WS/obstacle_avoidance_bot/install/setup.bash'
[10.528s] INFO:colcon.colcon_core.shell:Creating prefix script '/home/levin/ROS2_WS/obstacle_avoidance_bot/install/local_setup.zsh'
[10.529s] INFO:colcon.colcon_core.shell:Creating prefix chain script '/home/levin/ROS2_WS/obstacle_avoidance_bot/install/setup.zsh'
