[3.473s] Invoking command in '/home/levin/ROS2_WS/obstacle_avoidance_bot/my_package': PYTHONPATH=/home/levin/ROS2_WS/obstacle_avoidance_bot/build/my_package/prefix_override:/home/levin/ROS2_WS/obstacle_avoidance_bot/install/my_package/lib/python3.10/site-packages:${PYTHONPATH} /usr/bin/python3 setup.py egg_info --egg-base ../build/my_package build --build-base /home/levin/ROS2_WS/obstacle_avoidance_bot/build/my_package/build install --record /home/levin/ROS2_WS/obstacle_avoidance_bot/build/my_package/install.log --single-version-externally-managed
[3.769s] running egg_info
[3.770s] writing ../build/my_package/my_package.egg-info/PKG-INFO
[3.770s] writing dependency_links to ../build/my_package/my_package.egg-info/dependency_links.txt
[3.770s] writing entry points to ../build/my_package/my_package.egg-info/entry_points.txt
[3.771s] writing requirements to ../build/my_package/my_package.egg-info/requires.txt
[3.771s] writing top-level names to ../build/my_package/my_package.egg-info/top_level.txt
[3.773s] reading manifest file '../build/my_package/my_package.egg-info/SOURCES.txt'
[3.807s] writing manifest file '../build/my_package/my_package.egg-info/SOURCES.txt'
[3.807s] running build
[3.807s] running build_py
[3.807s] running install
[3.840s] /usr/lib/python3/dist-packages/setuptools/command/install.py:34: SetuptoolsDeprecationWarning: setup.py install is deprecated. Use build and pip and other standards-based tools.
[3.840s]   warnings.warn(
[3.840s] running install_lib
[3.843s] running install_data
[3.845s] running install_egg_info
[3.845s] removing '/home/levin/ROS2_WS/obstacle_avoidance_bot/install/my_package/lib/python3.10/site-packages/my_package-0.0.0-py3.10.egg-info' (and everything under it)
[3.845s] Copying ../build/my_package/my_package.egg-info to /home/levin/ROS2_WS/obstacle_avoidance_bot/install/my_package/lib/python3.10/site-packages/my_package-0.0.0-py3.10.egg-info
[3.898s] running install_scripts
[3.923s] Installing my_circle_movement script to /home/levin/ROS2_WS/obstacle_avoidance_bot/install/my_package/lib/my_package
[3.923s] Installing obstacle_avoidance_node script to /home/levin/ROS2_WS/obstacle_avoidance_bot/install/my_package/lib/my_package
[3.923s] writing list of installed files to '/home/levin/ROS2_WS/obstacle_avoidance_bot/build/my_package/install.log'
[3.964s] Invoked command in '/home/levin/ROS2_WS/obstacle_avoidance_bot/my_package' returned '0': PYTHONPATH=/home/levin/ROS2_WS/obstacle_avoidance_bot/build/my_package/prefix_override:/home/levin/ROS2_WS/obstacle_avoidance_bot/install/my_package/lib/python3.10/site-packages:${PYTHONPATH} /usr/bin/python3 setup.py egg_info --egg-base ../build/my_package build --build-base /home/levin/ROS2_WS/obstacle_avoidance_bot/build/my_package/build install --record /home/levin/ROS2_WS/obstacle_avoidance_bot/build/my_package/install.log --single-version-externally-managed
