running egg_info
writing ../build/my_package/my_package.egg-info/PKG-INFO
writing dependency_links to ../build/my_package/my_package.egg-info/dependency_links.txt
writing entry points to ../build/my_package/my_package.egg-info/entry_points.txt
writing requirements to ../build/my_package/my_package.egg-info/requires.txt
writing top-level names to ../build/my_package/my_package.egg-info/top_level.txt
reading manifest file '../build/my_package/my_package.egg-info/SOURCES.txt'
writing manifest file '../build/my_package/my_package.egg-info/SOURCES.txt'
running build
running build_py
copying my_package/obstacle_avoidence.py -> /home/levin/ROS2_WS/obstacle_avoidance_bot/build/my_package/build/lib/my_package
running install
running install_lib
copying /home/levin/ROS2_WS/obstacle_avoidance_bot/build/my_package/build/lib/my_package/obstacle_avoidence.py -> /home/levin/ROS2_WS/obstacle_avoidance_bot/install/my_package/lib/python3.10/site-packages/my_package
byte-compiling /home/levin/ROS2_WS/obstacle_avoidance_bot/install/my_package/lib/python3.10/site-packages/my_package/obstacle_avoidence.py to obstacle_avoidence.cpython-310.pyc
running install_data
running install_egg_info
removing '/home/levin/ROS2_WS/obstacle_avoidance_bot/install/my_package/lib/python3.10/site-packages/my_package-0.0.0-py3.10.egg-info' (and everything under it)
Copying ../build/my_package/my_package.egg-info to /home/levin/ROS2_WS/obstacle_avoidance_bot/install/my_package/lib/python3.10/site-packages/my_package-0.0.0-py3.10.egg-info
running install_scripts
Installing my_circle_movement = my_package.circle_motion:mainobstacle_avoidence_node script to /home/levin/ROS2_WS/obstacle_avoidance_bot/install/my_package/lib/my_package
writing list of installed files to '/home/levin/ROS2_WS/obstacle_avoidance_bot/build/my_package/install.log'
