[1.360s] Invoking command in '/home/levin/ROS2_WS/obstacle_avoidance_bot/my_package': PYTHONPATH=/home/levin/ROS2_WS/obstacle_avoidance_bot/build/my_package/prefix_override:/home/levin/ROS2_WS/obstacle_avoidance_bot/install/my_package/lib/python3.10/site-packages:${PYTHONPATH} /usr/bin/python3 setup.py egg_info --egg-base ../build/my_package build --build-base /home/levin/ROS2_WS/obstacle_avoidance_bot/build/my_package/build install --record /home/levin/ROS2_WS/obstacle_avoidance_bot/build/my_package/install.log --single-version-externally-managed
[1.681s] running egg_info
[1.682s] writing ../build/my_package/my_package.egg-info/PKG-INFO
[1.684s] writing dependency_links to ../build/my_package/my_package.egg-info/dependency_links.txt
[1.684s] writing entry points to ../build/my_package/my_package.egg-info/entry_points.txt
[1.685s] writing requirements to ../build/my_package/my_package.egg-info/requires.txt
[1.685s] writing top-level names to ../build/my_package/my_package.egg-info/top_level.txt
[1.685s] reading manifest file '../build/my_package/my_package.egg-info/SOURCES.txt'
[1.686s] writing manifest file '../build/my_package/my_package.egg-info/SOURCES.txt'
[1.686s] running build
[1.687s] running build_py
[1.687s] copying my_package/obstacle_avoidence.py -> /home/levin/ROS2_WS/obstacle_avoidance_bot/build/my_package/build/lib/my_package
[1.688s] running install
[1.705s] /usr/lib/python3/dist-packages/setuptools/command/install.py:34: SetuptoolsDeprecationWarning: setup.py install is deprecated. Use build and pip and other standards-based tools.
[1.706s]   warnings.warn(
[1.706s] running install_lib
[1.708s] copying /home/levin/ROS2_WS/obstacle_avoidance_bot/build/my_package/build/lib/my_package/obstacle_avoidence.py -> /home/levin/ROS2_WS/obstacle_avoidance_bot/install/my_package/lib/python3.10/site-packages/my_package
[1.709s] byte-compiling /home/levin/ROS2_WS/obstacle_avoidance_bot/install/my_package/lib/python3.10/site-packages/my_package/obstacle_avoidence.py to obstacle_avoidence.cpython-310.pyc
[1.711s] running install_data
[1.711s] running install_egg_info
[1.714s] removing '/home/levin/ROS2_WS/obstacle_avoidance_bot/install/my_package/lib/python3.10/site-packages/my_package-0.0.0-py3.10.egg-info' (and everything under it)
[1.717s] Copying ../build/my_package/my_package.egg-info to /home/levin/ROS2_WS/obstacle_avoidance_bot/install/my_package/lib/python3.10/site-packages/my_package-0.0.0-py3.10.egg-info
[1.733s] running install_scripts
[1.763s] Installing my_circle_movement = my_package.circle_motion:mainobstacle_avoidence_node script to /home/levin/ROS2_WS/obstacle_avoidance_bot/install/my_package/lib/my_package
[1.764s] writing list of installed files to '/home/levin/ROS2_WS/obstacle_avoidance_bot/build/my_package/install.log'
[1.824s] Invoked command in '/home/levin/ROS2_WS/obstacle_avoidance_bot/my_package' returned '0': PYTHONPATH=/home/levin/ROS2_WS/obstacle_avoidance_bot/build/my_package/prefix_override:/home/levin/ROS2_WS/obstacle_avoidance_bot/install/my_package/lib/python3.10/site-packages:${PYTHONPATH} /usr/bin/python3 setup.py egg_info --egg-base ../build/my_package build --build-base /home/levin/ROS2_WS/obstacle_avoidance_bot/build/my_package/build install --record /home/levin/ROS2_WS/obstacle_avoidance_bot/build/my_package/install.log --single-version-externally-managed
