[2.589s] Invoking command in '/home/levin/ROS2_WS/obstacle_avoidance_bot/my_package': PYTHONPATH=/home/levin/ROS2_WS/obstacle_avoidance_bot/build/my_package/prefix_override:/home/levin/ROS2_WS/obstacle_avoidance_bot/install/my_package/lib/python3.10/site-packages:${PYTHONPATH} /usr/bin/python3 setup.py egg_info --egg-base ../build/my_package build --build-base /home/levin/ROS2_WS/obstacle_avoidance_bot/build/my_package/build install --record /home/levin/ROS2_WS/obstacle_avoidance_bot/build/my_package/install.log --single-version-externally-managed
[2.893s] running egg_info
[2.894s] creating ../build/my_package/my_package.egg-info
[2.894s] writing ../build/my_package/my_package.egg-info/PKG-INFO
[2.894s] writing dependency_links to ../build/my_package/my_package.egg-info/dependency_links.txt
[2.894s] writing entry points to ../build/my_package/my_package.egg-info/entry_points.txt
[2.894s] writing requirements to ../build/my_package/my_package.egg-info/requires.txt
[2.895s] writing top-level names to ../build/my_package/my_package.egg-info/top_level.txt
[2.895s] writing manifest file '../build/my_package/my_package.egg-info/SOURCES.txt'
[2.897s] reading manifest file '../build/my_package/my_package.egg-info/SOURCES.txt'
[2.897s] writing manifest file '../build/my_package/my_package.egg-info/SOURCES.txt'
[2.898s] running build
[2.898s] running build_py
[2.898s] creating /home/levin/ROS2_WS/obstacle_avoidance_bot/build/my_package/build
[2.898s] creating /home/levin/ROS2_WS/obstacle_avoidance_bot/build/my_package/build/lib
[2.898s] creating /home/levin/ROS2_WS/obstacle_avoidance_bot/build/my_package/build/lib/my_package
[2.898s] copying my_package/__init__.py -> /home/levin/ROS2_WS/obstacle_avoidance_bot/build/my_package/build/lib/my_package
[2.898s] running install
[2.918s] /usr/lib/python3/dist-packages/setuptools/command/install.py:34: SetuptoolsDeprecationWarning: setup.py install is deprecated. Use build and pip and other standards-based tools.
[2.918s]   warnings.warn(
[2.920s] running install_lib
[2.920s] creating /home/levin/ROS2_WS/obstacle_avoidance_bot/install/my_package/lib/python3.10/site-packages/my_package
[2.920s] copying /home/levin/ROS2_WS/obstacle_avoidance_bot/build/my_package/build/lib/my_package/__init__.py -> /home/levin/ROS2_WS/obstacle_avoidance_bot/install/my_package/lib/python3.10/site-packages/my_package
[2.921s] byte-compiling /home/levin/ROS2_WS/obstacle_avoidance_bot/install/my_package/lib/python3.10/site-packages/my_package/__init__.py to __init__.cpython-310.pyc
[2.922s] running install_data
[2.922s] creating /home/levin/ROS2_WS/obstacle_avoidance_bot/install/my_package/share/ament_index
[2.922s] creating /home/levin/ROS2_WS/obstacle_avoidance_bot/install/my_package/share/ament_index/resource_index
[2.922s] creating /home/levin/ROS2_WS/obstacle_avoidance_bot/install/my_package/share/ament_index/resource_index/packages
[2.922s] copying resource/my_package -> /home/levin/ROS2_WS/obstacle_avoidance_bot/install/my_package/share/ament_index/resource_index/packages
[2.922s] copying package.xml -> /home/levin/ROS2_WS/obstacle_avoidance_bot/install/my_package/share/my_package
[2.922s] copying urdf/dolly.urdf -> /home/levin/ROS2_WS/obstacle_avoidance_bot/install/my_package/share/my_package
[2.967s] copying launch/gazebo_bringup.launch.py -> /home/levin/ROS2_WS/obstacle_avoidance_bot/install/my_package/share/my_package
[3.004s] running install_egg_info
[3.006s] Copying ../build/my_package/my_package.egg-info to /home/levin/ROS2_WS/obstacle_avoidance_bot/install/my_package/lib/python3.10/site-packages/my_package-0.0.0-py3.10.egg-info
[3.007s] running install_scripts
[3.031s] writing list of installed files to '/home/levin/ROS2_WS/obstacle_avoidance_bot/build/my_package/install.log'
[3.070s] Invoked command in '/home/levin/ROS2_WS/obstacle_avoidance_bot/my_package' returned '0': PYTHONPATH=/home/levin/ROS2_WS/obstacle_avoidance_bot/build/my_package/prefix_override:/home/levin/ROS2_WS/obstacle_avoidance_bot/install/my_package/lib/python3.10/site-packages:${PYTHONPATH} /usr/bin/python3 setup.py egg_info --egg-base ../build/my_package build --build-base /home/levin/ROS2_WS/obstacle_avoidance_bot/build/my_package/build install --record /home/levin/ROS2_WS/obstacle_avoidance_bot/build/my_package/install.log --single-version-externally-managed
