[0.717s] Invoking command in '/home/levin/ROS2_WS/obstacle_avoidance_bot/my_package': PYTHONPATH=/home/levin/ROS2_WS/obstacle_avoidance_bot/build/my_package/prefix_override:/home/levin/ROS2_WS/obstacle_avoidance_bot/install/my_package/lib/python3.10/site-packages:${PYTHONPATH} /usr/bin/python3 setup.py egg_info --egg-base ../build/my_package build --build-base /home/levin/ROS2_WS/obstacle_avoidance_bot/build/my_package/build install --record /home/levin/ROS2_WS/obstacle_avoidance_bot/build/my_package/install.log --single-version-externally-managed
[0.996s] running egg_info
[0.998s] writing ../build/my_package/my_package.egg-info/PKG-INFO
[0.998s] writing dependency_links to ../build/my_package/my_package.egg-info/dependency_links.txt
[0.999s] writing entry points to ../build/my_package/my_package.egg-info/entry_points.txt
[0.999s] writing requirements to ../build/my_package/my_package.egg-info/requires.txt
[1.000s] writing top-level names to ../build/my_package/my_package.egg-info/top_level.txt
[1.001s] reading manifest file '../build/my_package/my_package.egg-info/SOURCES.txt'
[1.002s] writing manifest file '../build/my_package/my_package.egg-info/SOURCES.txt'
[1.010s] running build
[1.010s] running build_py
[1.011s] running install
[1.011s] /usr/lib/python3/dist-packages/setuptools/command/install.py:34: SetuptoolsDeprecationWarning: setup.py install is deprecated. Use build and pip and other standards-based tools.
[1.013s]   warnings.warn(
[1.014s] running install_lib
[1.014s] running install_data
[1.015s] running install_egg_info
[1.015s] removing '/home/levin/ROS2_WS/obstacle_avoidance_bot/install/my_package/lib/python3.10/site-packages/my_package-0.0.0-py3.10.egg-info' (and everything under it)
[1.016s] Copying ../build/my_package/my_package.egg-info to /home/levin/ROS2_WS/obstacle_avoidance_bot/install/my_package/lib/python3.10/site-packages/my_package-0.0.0-py3.10.egg-info
[1.016s] running install_scripts
[1.038s] writing list of installed files to '/home/levin/ROS2_WS/obstacle_avoidance_bot/build/my_package/install.log'
[1.080s] Invoked command in '/home/levin/ROS2_WS/obstacle_avoidance_bot/my_package' returned '0': PYTHONPATH=/home/levin/ROS2_WS/obstacle_avoidance_bot/build/my_package/prefix_override:/home/levin/ROS2_WS/obstacle_avoidance_bot/install/my_package/lib/python3.10/site-packages:${PYTHONPATH} /usr/bin/python3 setup.py egg_info --egg-base ../build/my_package build --build-base /home/levin/ROS2_WS/obstacle_avoidance_bot/build/my_package/build install --record /home/levin/ROS2_WS/obstacle_avoidance_bot/build/my_package/install.log --single-version-externally-managed
