[1.939s] Invoking command in '/home/levin/ROS2_WS/obstacle_avoidance_bot/my_package': PYTHONPATH=/home/levin/ROS2_WS/obstacle_avoidance_bot/build/my_package/prefix_override:/home/levin/ROS2_WS/obstacle_avoidance_bot/install/my_package/lib/python3.10/site-packages:${PYTHONPATH} /usr/bin/python3 setup.py egg_info --egg-base ../build/my_package build --build-base /home/levin/ROS2_WS/obstacle_avoidance_bot/build/my_package/build install --record /home/levin/ROS2_WS/obstacle_avoidance_bot/build/my_package/install.log --single-version-externally-managed
[2.348s] running egg_info
[2.350s] writing ../build/my_package/my_package.egg-info/PKG-INFO
[2.350s] writing dependency_links to ../build/my_package/my_package.egg-info/dependency_links.txt
[2.350s] writing entry points to ../build/my_package/my_package.egg-info/entry_points.txt
[2.351s] writing requirements to ../build/my_package/my_package.egg-info/requires.txt
[2.351s] writing top-level names to ../build/my_package/my_package.egg-info/top_level.txt
[2.353s] reading manifest file '../build/my_package/my_package.egg-info/SOURCES.txt'
[2.367s] writing manifest file '../build/my_package/my_package.egg-info/SOURCES.txt'
[2.368s] running build
[2.368s] running build_py
[2.368s] running install
[2.385s] /usr/lib/python3/dist-packages/setuptools/command/install.py:34: SetuptoolsDeprecationWarning: setup.py install is deprecated. Use build and pip and other standards-based tools.
[2.385s]   warnings.warn(
[2.386s] running install_lib
[2.391s] running install_data
[2.392s] copying launch/gazebo_bringup.launch.py -> /home/levin/ROS2_WS/obstacle_avoidance_bot/install/my_package/share/my_package
[2.432s] running install_egg_info
[2.434s] removing '/home/levin/ROS2_WS/obstacle_avoidance_bot/install/my_package/lib/python3.10/site-packages/my_package-0.0.0-py3.10.egg-info' (and everything under it)
[2.434s] Copying ../build/my_package/my_package.egg-info to /home/levin/ROS2_WS/obstacle_avoidance_bot/install/my_package/lib/python3.10/site-packages/my_package-0.0.0-py3.10.egg-info
[2.452s] running install_scripts
[2.492s] writing list of installed files to '/home/levin/ROS2_WS/obstacle_avoidance_bot/build/my_package/install.log'
[2.557s] Invoked command in '/home/levin/ROS2_WS/obstacle_avoidance_bot/my_package' returned '0': PYTHONPATH=/home/levin/ROS2_WS/obstacle_avoidance_bot/build/my_package/prefix_override:/home/levin/ROS2_WS/obstacle_avoidance_bot/install/my_package/lib/python3.10/site-packages:${PYTHONPATH} /usr/bin/python3 setup.py egg_info --egg-base ../build/my_package build --build-base /home/levin/ROS2_WS/obstacle_avoidance_bot/build/my_package/build install --record /home/levin/ROS2_WS/obstacle_avoidance_bot/build/my_package/install.log --single-version-externally-managed
