[6.678s] DEBUG:colcon:Command line arguments: ['/usr/bin/colcon', 'build']
[6.678s] DEBUG:colcon:Parsed command line arguments: Namespace(log_base=None, log_level=None, verb_name='build', build_base='build', install_base='install', merge_install=False, symlink_install=False, test_result_base=None, continue_on_error=False, executor='parallel', parallel_workers=2, event_handlers=None, ignore_user_meta=False, metas=['./colcon.meta'], base_paths=['.'], packages_ignore=None, packages_ignore_regex=None, paths=None, packages_up_to=None, packages_up_to_regex=None, packages_above=None, packages_above_and_dependencies=None, packages_above_depth=None, packages_select_by_dep=None, packages_skip_by_dep=None, packages_skip_up_to=None, packages_select_build_failed=False, packages_skip_build_finished=False, packages_select_test_failures=False, packages_skip_test_passed=False, packages_select=None, packages_skip=None, packages_select_regex=None, packages_skip_regex=None, packages_start=None, packages_end=None, allow_overriding=[], cmake_args=None, cmake_target=None, cmake_target_skip_unavailable=False, cmake_clean_cache=False, cmake_clean_first=False, cmake_force_configure=False, ament_cmake_args=None, catkin_cmake_args=None, catkin_skip_building_tests=False, verb_parser=<colcon_defaults.argument_parser.defaults.DefaultArgumentsDecorator object at 0x7f7a2e5b8670>, verb_extension=<colcon_core.verb.build.BuildVerb object at 0x7f7a2e4e2590>, main=<bound method BuildVerb.main of <colcon_core.verb.build.BuildVerb object at 0x7f7a2e4e2590>>)
[7.043s] Level 1:colcon.colcon_core.package_discovery:discover_packages(colcon_meta) check parameters
[7.043s] Level 1:colcon.colcon_core.package_discovery:discover_packages(recursive) check parameters
[7.043s] Level 1:colcon.colcon_core.package_discovery:discover_packages(ignore) check parameters
[7.043s] Level 1:colcon.colcon_core.package_discovery:discover_packages(path) check parameters
[7.043s] Level 1:colcon.colcon_core.package_discovery:discover_packages(colcon_meta) discover
[7.043s] Level 1:colcon.colcon_core.package_discovery:discover_packages(recursive) discover
[7.043s] INFO:colcon.colcon_core.package_discovery:Crawling recursively for packages in '/home/levin/ROS2_WS/obstacle_avoidance_bot'
[7.043s] Level 1:colcon.colcon_core.package_identification:_identify(.) by extensions ['ignore', 'ignore_ament_install']
[7.044s] Level 1:colcon.colcon_core.package_identification:_identify(.) by extension 'ignore'
[7.044s] Level 1:colcon.colcon_core.package_identification:_identify(.) by extension 'ignore_ament_install'
[7.044s] Level 1:colcon.colcon_core.package_identification:_identify(.) by extensions ['colcon_pkg']
[7.044s] Level 1:colcon.colcon_core.package_identification:_identify(.) by extension 'colcon_pkg'
[7.044s] Level 1:colcon.colcon_core.package_identification:_identify(.) by extensions ['colcon_meta']
[7.044s] Level 1:colcon.colcon_core.package_identification:_identify(.) by extension 'colcon_meta'
[7.044s] Level 1:colcon.colcon_core.package_identification:_identify(.) by extensions ['ros']
[7.044s] Level 1:colcon.colcon_core.package_identification:_identify(.) by extension 'ros'
[7.094s] Level 1:colcon.colcon_core.package_identification:_identify(.) by extensions ['cmake', 'python']
[7.094s] Level 1:colcon.colcon_core.package_identification:_identify(.) by extension 'cmake'
[7.094s] Level 1:colcon.colcon_core.package_identification:_identify(.) by extension 'python'
[7.094s] Level 1:colcon.colcon_core.package_identification:_identify(.) by extensions ['python_setup_py']
[7.095s] Level 1:colcon.colcon_core.package_identification:_identify(.) by extension 'python_setup_py'
[7.095s] Level 1:colcon.colcon_core.package_identification:_identify(build) by extensions ['ignore', 'ignore_ament_install']
[7.095s] Level 1:colcon.colcon_core.package_identification:_identify(build) by extension 'ignore'
[7.095s] Level 1:colcon.colcon_core.package_identification:_identify(build) ignored
[7.096s] Level 1:colcon.colcon_core.package_identification:_identify(install) by extensions ['ignore', 'ignore_ament_install']
[7.096s] Level 1:colcon.colcon_core.package_identification:_identify(install) by extension 'ignore'
[7.096s] Level 1:colcon.colcon_core.package_identification:_identify(install) ignored
[7.097s] Level 1:colcon.colcon_core.package_identification:_identify(log) by extensions ['ignore', 'ignore_ament_install']
[7.097s] Level 1:colcon.colcon_core.package_identification:_identify(log) by extension 'ignore'
[7.097s] Level 1:colcon.colcon_core.package_identification:_identify(log) ignored
[7.097s] Level 1:colcon.colcon_core.package_identification:_identify(my_package) by extensions ['ignore', 'ignore_ament_install']
[7.098s] Level 1:colcon.colcon_core.package_identification:_identify(my_package) by extension 'ignore'
[7.098s] Level 1:colcon.colcon_core.package_identification:_identify(my_package) by extension 'ignore_ament_install'
[7.098s] Level 1:colcon.colcon_core.package_identification:_identify(my_package) by extensions ['colcon_pkg']
[7.098s] Level 1:colcon.colcon_core.package_identification:_identify(my_package) by extension 'colcon_pkg'
[7.098s] Level 1:colcon.colcon_core.package_identification:_identify(my_package) by extensions ['colcon_meta']
[7.098s] Level 1:colcon.colcon_core.package_identification:_identify(my_package) by extension 'colcon_meta'
[7.099s] Level 1:colcon.colcon_core.package_identification:_identify(my_package) by extensions ['ros']
[7.099s] Level 1:colcon.colcon_core.package_identification:_identify(my_package) by extension 'ros'
[7.123s] DEBUG:colcon.colcon_core.package_identification:Package 'my_package' with type 'ros.ament_python' and name 'my_package'
[7.123s] Level 1:colcon.colcon_core.package_discovery:discover_packages(recursive) using defaults
[7.124s] Level 1:colcon.colcon_core.package_discovery:discover_packages(ignore) discover
[7.124s] Level 1:colcon.colcon_core.package_discovery:discover_packages(ignore) using defaults
[7.124s] Level 1:colcon.colcon_core.package_discovery:discover_packages(path) discover
[7.124s] Level 1:colcon.colcon_core.package_discovery:discover_packages(path) using defaults
[7.354s] Level 1:colcon.colcon_core.package_discovery:discover_packages(prefix_path) check parameters
[7.354s] Level 1:colcon.colcon_core.package_discovery:discover_packages(prefix_path) discover
[7.364s] DEBUG:colcon.colcon_installed_package_information.package_discovery:Found 292 installed packages in /opt/ros/humble
[7.366s] Level 1:colcon.colcon_core.package_discovery:discover_packages(prefix_path) using defaults
[7.492s] Level 5:colcon.colcon_core.verb:set package 'my_package' build argument 'cmake_args' from command line to 'None'
[7.493s] Level 5:colcon.colcon_core.verb:set package 'my_package' build argument 'cmake_target' from command line to 'None'
[7.493s] Level 5:colcon.colcon_core.verb:set package 'my_package' build argument 'cmake_target_skip_unavailable' from command line to 'False'
[7.493s] Level 5:colcon.colcon_core.verb:set package 'my_package' build argument 'cmake_clean_cache' from command line to 'False'
[7.493s] Level 5:colcon.colcon_core.verb:set package 'my_package' build argument 'cmake_clean_first' from command line to 'False'
[7.493s] Level 5:colcon.colcon_core.verb:set package 'my_package' build argument 'cmake_force_configure' from command line to 'False'
[7.493s] Level 5:colcon.colcon_core.verb:set package 'my_package' build argument 'ament_cmake_args' from command line to 'None'
[7.495s] Level 5:colcon.colcon_core.verb:set package 'my_package' build argument 'catkin_cmake_args' from command line to 'None'
[7.496s] Level 5:colcon.colcon_core.verb:set package 'my_package' build argument 'catkin_skip_building_tests' from command line to 'False'
[7.496s] DEBUG:colcon.colcon_core.verb:Building package 'my_package' with the following arguments: {'ament_cmake_args': None, 'build_base': '/home/levin/ROS2_WS/obstacle_avoidance_bot/build/my_package', 'catkin_cmake_args': None, 'catkin_skip_building_tests': False, 'cmake_args': None, 'cmake_clean_cache': False, 'cmake_clean_first': False, 'cmake_force_configure': False, 'cmake_target': None, 'cmake_target_skip_unavailable': False, 'install_base': '/home/levin/ROS2_WS/obstacle_avoidance_bot/install/my_package', 'merge_install': False, 'path': '/home/levin/ROS2_WS/obstacle_avoidance_bot/my_package', 'symlink_install': False, 'test_result_base': None}
[7.497s] INFO:colcon.colcon_core.executor:Executing jobs using 'parallel' executor
[7.501s] DEBUG:colcon.colcon_parallel_executor.executor.parallel:run_until_complete
[7.501s] INFO:colcon.colcon_ros.task.ament_python.build:Building ROS package in '/home/levin/ROS2_WS/obstacle_avoidance_bot/my_package' with build type 'ament_python'
[7.502s] Level 1:colcon.colcon_core.shell:create_environment_hook('my_package', 'ament_prefix_path')
[7.558s] INFO:colcon.colcon_core.plugin_system:Skipping extension 'colcon_core.shell.bat': Not used on non-Windows systems
[7.559s] INFO:colcon.colcon_core.shell:Creating environment hook '/home/levin/ROS2_WS/obstacle_avoidance_bot/install/my_package/share/my_package/hook/ament_prefix_path.ps1'
[7.559s] INFO:colcon.colcon_core.shell:Creating environment descriptor '/home/levin/ROS2_WS/obstacle_avoidance_bot/install/my_package/share/my_package/hook/ament_prefix_path.dsv'
[7.569s] INFO:colcon.colcon_core.shell:Creating environment hook '/home/levin/ROS2_WS/obstacle_avoidance_bot/install/my_package/share/my_package/hook/ament_prefix_path.sh'
[7.572s] INFO:colcon.colcon_core.shell:Skip shell extension 'powershell' for command environment: Not usable outside of PowerShell
[7.572s] DEBUG:colcon.colcon_core.shell:Skip shell extension 'dsv' for command environment
[8.285s] INFO:colcon.colcon_core.task.python.build:Building Python package in '/home/levin/ROS2_WS/obstacle_avoidance_bot/my_package'
[8.287s] INFO:colcon.colcon_core.shell:Skip shell extension 'powershell' for command environment: Not usable outside of PowerShell
[8.287s] DEBUG:colcon.colcon_core.shell:Skip shell extension 'dsv' for command environment
[9.379s] DEBUG:colcon.colcon_core.event_handler.log_command:Invoking command in '/home/levin/ROS2_WS/obstacle_avoidance_bot/my_package': PYTHONPATH=/home/levin/ROS2_WS/obstacle_avoidance_bot/build/my_package/prefix_override:/home/levin/ROS2_WS/obstacle_avoidance_bot/install/my_package/lib/python3.10/site-packages:${PYTHONPATH} /usr/bin/python3 setup.py egg_info --egg-base ../build/my_package build --build-base /home/levin/ROS2_WS/obstacle_avoidance_bot/build/my_package/build install --record /home/levin/ROS2_WS/obstacle_avoidance_bot/build/my_package/install.log --single-version-externally-managed
[10.056s] DEBUG:colcon.colcon_core.event_handler.log_command:Invoked command in '/home/levin/ROS2_WS/obstacle_avoidance_bot/my_package' returned '0': PYTHONPATH=/home/levin/ROS2_WS/obstacle_avoidance_bot/build/my_package/prefix_override:/home/levin/ROS2_WS/obstacle_avoidance_bot/install/my_package/lib/python3.10/site-packages:${PYTHONPATH} /usr/bin/python3 setup.py egg_info --egg-base ../build/my_package build --build-base /home/levin/ROS2_WS/obstacle_avoidance_bot/build/my_package/build install --record /home/levin/ROS2_WS/obstacle_avoidance_bot/build/my_package/install.log --single-version-externally-managed
[10.158s] Level 1:colcon.colcon_core.environment:checking '/home/levin/ROS2_WS/obstacle_avoidance_bot/install/my_package' for CMake module files
[10.159s] Level 1:colcon.colcon_core.environment:checking '/home/levin/ROS2_WS/obstacle_avoidance_bot/install/my_package' for CMake config files
[10.160s] Level 1:colcon.colcon_core.environment:checking '/home/levin/ROS2_WS/obstacle_avoidance_bot/install/my_package/lib'
[10.160s] Level 1:colcon.colcon_core.environment:checking '/home/levin/ROS2_WS/obstacle_avoidance_bot/install/my_package/bin'
[10.160s] Level 1:colcon.colcon_core.environment:checking '/home/levin/ROS2_WS/obstacle_avoidance_bot/install/my_package/lib/pkgconfig/my_package.pc'
[10.160s] Level 1:colcon.colcon_core.environment:checking '/home/levin/ROS2_WS/obstacle_avoidance_bot/install/my_package/lib/python3.10/site-packages'
[10.160s] Level 1:colcon.colcon_core.shell:create_environment_hook('my_package', 'pythonpath')
[10.162s] INFO:colcon.colcon_core.shell:Creating environment hook '/home/levin/ROS2_WS/obstacle_avoidance_bot/install/my_package/share/my_package/hook/pythonpath.ps1'
[10.164s] INFO:colcon.colcon_core.shell:Creating environment descriptor '/home/levin/ROS2_WS/obstacle_avoidance_bot/install/my_package/share/my_package/hook/pythonpath.dsv'
[10.164s] INFO:colcon.colcon_core.shell:Creating environment hook '/home/levin/ROS2_WS/obstacle_avoidance_bot/install/my_package/share/my_package/hook/pythonpath.sh'
[10.166s] Level 1:colcon.colcon_core.environment:checking '/home/levin/ROS2_WS/obstacle_avoidance_bot/install/my_package/bin'
[10.166s] Level 1:colcon.colcon_core.environment:create_environment_scripts_only(my_package)
[10.168s] INFO:colcon.colcon_core.shell:Creating package script '/home/levin/ROS2_WS/obstacle_avoidance_bot/install/my_package/share/my_package/package.ps1'
[10.170s] INFO:colcon.colcon_core.shell:Creating package descriptor '/home/levin/ROS2_WS/obstacle_avoidance_bot/install/my_package/share/my_package/package.dsv'
[10.186s] INFO:colcon.colcon_core.shell:Creating package script '/home/levin/ROS2_WS/obstacle_avoidance_bot/install/my_package/share/my_package/package.sh'
[10.188s] INFO:colcon.colcon_core.shell:Creating package script '/home/levin/ROS2_WS/obstacle_avoidance_bot/install/my_package/share/my_package/package.bash'
[10.213s] INFO:colcon.colcon_core.shell:Creating package script '/home/levin/ROS2_WS/obstacle_avoidance_bot/install/my_package/share/my_package/package.zsh'
[10.216s] Level 1:colcon.colcon_core.environment:create_file_with_runtime_dependencies(/home/levin/ROS2_WS/obstacle_avoidance_bot/install/my_package/share/colcon-core/packages/my_package)
[10.217s] DEBUG:colcon.colcon_parallel_executor.executor.parallel:closing loop
[10.217s] DEBUG:colcon.colcon_parallel_executor.executor.parallel:loop closed
[10.218s] DEBUG:colcon.colcon_parallel_executor.executor.parallel:run_until_complete finished with '0'
[10.218s] DEBUG:colcon.colcon_core.event_reactor:joining thread
[10.352s] INFO:colcon.colcon_core.plugin_system:Skipping extension 'colcon_notification.desktop_notification.terminal_notifier': Not used on non-Darwin systems
[10.352s] INFO:colcon.colcon_core.plugin_system:Skipping extension 'colcon_notification.desktop_notification.win32': Not used on non-Windows systems
[10.352s] INFO:colcon.colcon_notification.desktop_notification:Sending desktop notification using 'notify2'
[10.386s] DEBUG:colcon.colcon_core.event_reactor:joined thread
[10.387s] INFO:colcon.colcon_core.shell:Creating prefix script '/home/levin/ROS2_WS/obstacle_avoidance_bot/install/local_setup.ps1'
[10.389s] INFO:colcon.colcon_core.shell:Creating prefix util module '/home/levin/ROS2_WS/obstacle_avoidance_bot/install/_local_setup_util_ps1.py'
[10.391s] INFO:colcon.colcon_core.shell:Creating prefix chain script '/home/levin/ROS2_WS/obstacle_avoidance_bot/install/setup.ps1'
[10.393s] INFO:colcon.colcon_core.shell:Creating prefix script '/home/levin/ROS2_WS/obstacle_avoidance_bot/install/local_setup.sh'
[10.396s] INFO:colcon.colcon_core.shell:Creating prefix util module '/home/levin/ROS2_WS/obstacle_avoidance_bot/install/_local_setup_util_sh.py'
[10.397s] INFO:colcon.colcon_core.shell:Creating prefix chain script '/home/levin/ROS2_WS/obstacle_avoidance_bot/install/setup.sh'
[10.402s] INFO:colcon.colcon_core.shell:Creating prefix script '/home/levin/ROS2_WS/obstacle_avoidance_bot/install/local_setup.bash'
[10.404s] INFO:colcon.colcon_core.shell:Creating prefix chain script '/home/levin/ROS2_WS/obstacle_avoidance_bot/install/setup.bash'
[10.408s] INFO:colcon.colcon_core.shell:Creating prefix script '/home/levin/ROS2_WS/obstacle_avoidance_bot/install/local_setup.zsh'
[10.412s] INFO:colcon.colcon_core.shell:Creating prefix chain script '/home/levin/ROS2_WS/obstacle_avoidance_bot/install/setup.zsh'
