[1.190s] Invoking command in '/home/levin/ROS2_WS/obstacle_avoidance_bot/my_package': PYTHONPATH=/home/levin/ROS2_WS/obstacle_avoidance_bot/build/my_package/prefix_override:/home/levin/ROS2_WS/obstacle_avoidance_bot/install/my_package/lib/python3.10/site-packages:${PYTHONPATH} /usr/bin/python3 setup.py egg_info --egg-base ../build/my_package build --build-base /home/levin/ROS2_WS/obstacle_avoidance_bot/build/my_package/build install --record /home/levin/ROS2_WS/obstacle_avoidance_bot/build/my_package/install.log --single-version-externally-managed
[1.560s] running egg_info
[1.572s] writing ../build/my_package/my_package.egg-info/PKG-INFO
[1.573s] writing dependency_links to ../build/my_package/my_package.egg-info/dependency_links.txt
[1.574s] writing entry points to ../build/my_package/my_package.egg-info/entry_points.txt
[1.574s] writing requirements to ../build/my_package/my_package.egg-info/requires.txt
[1.575s] writing top-level names to ../build/my_package/my_package.egg-info/top_level.txt
[1.576s] reading manifest file '../build/my_package/my_package.egg-info/SOURCES.txt'
[1.583s] writing manifest file '../build/my_package/my_package.egg-info/SOURCES.txt'
[1.583s] running build
[1.586s] running build_py
[1.586s] running install
[1.598s] /usr/lib/python3/dist-packages/setuptools/command/install.py:34: SetuptoolsDeprecationWarning: setup.py install is deprecated. Use build and pip and other standards-based tools.
[1.598s]   warnings.warn(
[1.598s] running install_lib
[1.601s] running install_data
[1.602s] running install_egg_info
[1.606s] removing '/home/levin/ROS2_WS/obstacle_avoidance_bot/install/my_package/lib/python3.10/site-packages/my_package-0.0.0-py3.10.egg-info' (and everything under it)
[1.608s] Copying ../build/my_package/my_package.egg-info to /home/levin/ROS2_WS/obstacle_avoidance_bot/install/my_package/lib/python3.10/site-packages/my_package-0.0.0-py3.10.egg-info
[1.626s] running install_scripts
[1.661s] Installing my_circle_movement script to /home/levin/ROS2_WS/obstacle_avoidance_bot/install/my_package/lib/my_package
[1.663s] Installing obstacle_avoidance_node script to /home/levin/ROS2_WS/obstacle_avoidance_bot/install/my_package/lib/my_package
[1.663s] writing list of installed files to '/home/levin/ROS2_WS/obstacle_avoidance_bot/build/my_package/install.log'
[1.723s] Invoked command in '/home/levin/ROS2_WS/obstacle_avoidance_bot/my_package' returned '0': PYTHONPATH=/home/levin/ROS2_WS/obstacle_avoidance_bot/build/my_package/prefix_override:/home/levin/ROS2_WS/obstacle_avoidance_bot/install/my_package/lib/python3.10/site-packages:${PYTHONPATH} /usr/bin/python3 setup.py egg_info --egg-base ../build/my_package build --build-base /home/levin/ROS2_WS/obstacle_avoidance_bot/build/my_package/build install --record /home/levin/ROS2_WS/obstacle_avoidance_bot/build/my_package/install.log --single-version-externally-managed
