[3.512s] DEBUG:colcon:Command line arguments: ['/usr/bin/colcon', 'build']
[3.512s] DEBUG:colcon:Parsed command line arguments: Namespace(log_base=None, log_level=None, verb_name='build', build_base='build', install_base='install', merge_install=False, symlink_install=False, test_result_base=None, continue_on_error=False, executor='parallel', parallel_workers=2, event_handlers=None, ignore_user_meta=False, metas=['./colcon.meta'], base_paths=['.'], packages_ignore=None, packages_ignore_regex=None, paths=None, packages_up_to=None, packages_up_to_regex=None, packages_above=None, packages_above_and_dependencies=None, packages_above_depth=None, packages_select_by_dep=None, packages_skip_by_dep=None, packages_skip_up_to=None, packages_select_build_failed=False, packages_skip_build_finished=False, packages_select_test_failures=False, packages_skip_test_passed=False, packages_select=None, packages_skip=None, packages_select_regex=None, packages_skip_regex=None, packages_start=None, packages_end=None, allow_overriding=[], cmake_args=None, cmake_target=None, cmake_target_skip_unavailable=False, cmake_clean_cache=False, cmake_clean_first=False, cmake_force_configure=False, ament_cmake_args=None, catkin_cmake_args=None, catkin_skip_building_tests=False, verb_parser=<colcon_defaults.argument_parser.defaults.DefaultArgumentsDecorator object at 0x7f6e908d86d0>, verb_extension=<colcon_core.verb.build.BuildVerb object at 0x7f6e908025f0>, main=<bound method BuildVerb.main of <colcon_core.verb.build.BuildVerb object at 0x7f6e908025f0>>)
[4.020s] Level 1:colcon.colcon_core.package_discovery:discover_packages(colcon_meta) check parameters
[4.020s] Level 1:colcon.colcon_core.package_discovery:discover_packages(recursive) check parameters
[4.020s] Level 1:colcon.colcon_core.package_discovery:discover_packages(ignore) check parameters
[4.020s] Level 1:colcon.colcon_core.package_discovery:discover_packages(path) check parameters
[4.020s] Level 1:colcon.colcon_core.package_discovery:discover_packages(colcon_meta) discover
[4.021s] Level 1:colcon.colcon_core.package_discovery:discover_packages(recursive) discover
[4.021s] INFO:colcon.colcon_core.package_discovery:Crawling recursively for packages in '/home/levin/ROS2_WS/obstacle_avoidance_bot'
[4.021s] Level 1:colcon.colcon_core.package_identification:_identify(.) by extensions ['ignore', 'ignore_ament_install']
[4.021s] Level 1:colcon.colcon_core.package_identification:_identify(.) by extension 'ignore'
[4.021s] Level 1:colcon.colcon_core.package_identification:_identify(.) by extension 'ignore_ament_install'
[4.021s] Level 1:colcon.colcon_core.package_identification:_identify(.) by extensions ['colcon_pkg']
[4.021s] Level 1:colcon.colcon_core.package_identification:_identify(.) by extension 'colcon_pkg'
[4.021s] Level 1:colcon.colcon_core.package_identification:_identify(.) by extensions ['colcon_meta']
[4.021s] Level 1:colcon.colcon_core.package_identification:_identify(.) by extension 'colcon_meta'
[4.021s] Level 1:colcon.colcon_core.package_identification:_identify(.) by extensions ['ros']
[4.021s] Level 1:colcon.colcon_core.package_identification:_identify(.) by extension 'ros'
[4.197s] Level 1:colcon.colcon_core.package_identification:_identify(.) by extensions ['cmake', 'python']
[4.197s] Level 1:colcon.colcon_core.package_identification:_identify(.) by extension 'cmake'
[4.197s] Level 1:colcon.colcon_core.package_identification:_identify(.) by extension 'python'
[4.197s] Level 1:colcon.colcon_core.package_identification:_identify(.) by extensions ['python_setup_py']
[4.197s] Level 1:colcon.colcon_core.package_identification:_identify(.) by extension 'python_setup_py'
[4.198s] Level 1:colcon.colcon_core.package_identification:_identify(build) by extensions ['ignore', 'ignore_ament_install']
[4.198s] Level 1:colcon.colcon_core.package_identification:_identify(build) by extension 'ignore'
[4.198s] Level 1:colcon.colcon_core.package_identification:_identify(build) ignored
[4.198s] Level 1:colcon.colcon_core.package_identification:_identify(install) by extensions ['ignore', 'ignore_ament_install']
[4.198s] Level 1:colcon.colcon_core.package_identification:_identify(install) by extension 'ignore'
[4.198s] Level 1:colcon.colcon_core.package_identification:_identify(install) ignored
[4.198s] Level 1:colcon.colcon_core.package_identification:_identify(log) by extensions ['ignore', 'ignore_ament_install']
[4.198s] Level 1:colcon.colcon_core.package_identification:_identify(log) by extension 'ignore'
[4.198s] Level 1:colcon.colcon_core.package_identification:_identify(log) ignored
[4.198s] Level 1:colcon.colcon_core.package_identification:_identify(my_package) by extensions ['ignore', 'ignore_ament_install']
[4.199s] Level 1:colcon.colcon_core.package_identification:_identify(my_package) by extension 'ignore'
[4.199s] Level 1:colcon.colcon_core.package_identification:_identify(my_package) by extension 'ignore_ament_install'
[4.199s] Level 1:colcon.colcon_core.package_identification:_identify(my_package) by extensions ['colcon_pkg']
[4.199s] Level 1:colcon.colcon_core.package_identification:_identify(my_package) by extension 'colcon_pkg'
[4.199s] Level 1:colcon.colcon_core.package_identification:_identify(my_package) by extensions ['colcon_meta']
[4.199s] Level 1:colcon.colcon_core.package_identification:_identify(my_package) by extension 'colcon_meta'
[4.199s] Level 1:colcon.colcon_core.package_identification:_identify(my_package) by extensions ['ros']
[4.199s] Level 1:colcon.colcon_core.package_identification:_identify(my_package) by extension 'ros'
[4.257s] DEBUG:colcon.colcon_core.package_identification:Package 'my_package' with type 'ros.ament_python' and name 'my_package'
[4.257s] Level 1:colcon.colcon_core.package_discovery:discover_packages(recursive) using defaults
[4.257s] Level 1:colcon.colcon_core.package_discovery:discover_packages(ignore) discover
[4.257s] Level 1:colcon.colcon_core.package_discovery:discover_packages(ignore) using defaults
[4.257s] Level 1:colcon.colcon_core.package_discovery:discover_packages(path) discover
[4.257s] Level 1:colcon.colcon_core.package_discovery:discover_packages(path) using defaults
[4.516s] Level 1:colcon.colcon_core.package_discovery:discover_packages(prefix_path) check parameters
[4.516s] Level 1:colcon.colcon_core.package_discovery:discover_packages(prefix_path) discover
[4.584s] DEBUG:colcon.colcon_installed_package_information.package_discovery:Found 292 installed packages in /opt/ros/humble
[4.586s] Level 1:colcon.colcon_core.package_discovery:discover_packages(prefix_path) using defaults
[7.636s] Level 5:colcon.colcon_core.verb:set package 'my_package' build argument 'cmake_args' from command line to 'None'
[7.636s] Level 5:colcon.colcon_core.verb:set package 'my_package' build argument 'cmake_target' from command line to 'None'
[7.636s] Level 5:colcon.colcon_core.verb:set package 'my_package' build argument 'cmake_target_skip_unavailable' from command line to 'False'
[7.636s] Level 5:colcon.colcon_core.verb:set package 'my_package' build argument 'cmake_clean_cache' from command line to 'False'
[7.636s] Level 5:colcon.colcon_core.verb:set package 'my_package' build argument 'cmake_clean_first' from command line to 'False'
[7.636s] Level 5:colcon.colcon_core.verb:set package 'my_package' build argument 'cmake_force_configure' from command line to 'False'
[7.636s] Level 5:colcon.colcon_core.verb:set package 'my_package' build argument 'ament_cmake_args' from command line to 'None'
[7.636s] Level 5:colcon.colcon_core.verb:set package 'my_package' build argument 'catkin_cmake_args' from command line to 'None'
[7.637s] Level 5:colcon.colcon_core.verb:set package 'my_package' build argument 'catkin_skip_building_tests' from command line to 'False'
[7.637s] DEBUG:colcon.colcon_core.verb:Building package 'my_package' with the following arguments: {'ament_cmake_args': None, 'build_base': '/home/levin/ROS2_WS/obstacle_avoidance_bot/build/my_package', 'catkin_cmake_args': None, 'catkin_skip_building_tests': False, 'cmake_args': None, 'cmake_clean_cache': False, 'cmake_clean_first': False, 'cmake_force_configure': False, 'cmake_target': None, 'cmake_target_skip_unavailable': False, 'install_base': '/home/levin/ROS2_WS/obstacle_avoidance_bot/install/my_package', 'merge_install': False, 'path': '/home/levin/ROS2_WS/obstacle_avoidance_bot/my_package', 'symlink_install': False, 'test_result_base': None}
[7.641s] INFO:colcon.colcon_core.executor:Executing jobs using 'parallel' executor
[7.647s] DEBUG:colcon.colcon_parallel_executor.executor.parallel:run_until_complete
[7.648s] INFO:colcon.colcon_ros.task.ament_python.build:Building ROS package in '/home/levin/ROS2_WS/obstacle_avoidance_bot/my_package' with build type 'ament_python'
[7.648s] Level 1:colcon.colcon_core.shell:create_environment_hook('my_package', 'ament_prefix_path')
[7.761s] INFO:colcon.colcon_core.plugin_system:Skipping extension 'colcon_core.shell.bat': Not used on non-Windows systems
[7.761s] INFO:colcon.colcon_core.shell:Creating environment hook '/home/levin/ROS2_WS/obstacle_avoidance_bot/install/my_package/share/my_package/hook/ament_prefix_path.ps1'
[7.768s] INFO:colcon.colcon_core.shell:Creating environment descriptor '/home/levin/ROS2_WS/obstacle_avoidance_bot/install/my_package/share/my_package/hook/ament_prefix_path.dsv'
[7.796s] INFO:colcon.colcon_core.shell:Creating environment hook '/home/levin/ROS2_WS/obstacle_avoidance_bot/install/my_package/share/my_package/hook/ament_prefix_path.sh'
[7.799s] INFO:colcon.colcon_core.shell:Skip shell extension 'powershell' for command environment: Not usable outside of PowerShell
[7.799s] DEBUG:colcon.colcon_core.shell:Skip shell extension 'dsv' for command environment
[8.278s] INFO:colcon.colcon_core.task.python.build:Building Python package in '/home/levin/ROS2_WS/obstacle_avoidance_bot/my_package'
[8.280s] INFO:colcon.colcon_core.shell:Skip shell extension 'powershell' for command environment: Not usable outside of PowerShell
[8.280s] DEBUG:colcon.colcon_core.shell:Skip shell extension 'dsv' for command environment
[9.720s] DEBUG:colcon.colcon_core.event_handler.log_command:Invoking command in '/home/levin/ROS2_WS/obstacle_avoidance_bot/my_package': PYTHONPATH=/home/levin/ROS2_WS/obstacle_avoidance_bot/build/my_package/prefix_override:/home/levin/ROS2_WS/obstacle_avoidance_bot/install/my_package/lib/python3.10/site-packages:${PYTHONPATH} /usr/bin/python3 setup.py egg_info --egg-base ../build/my_package build --build-base /home/levin/ROS2_WS/obstacle_avoidance_bot/build/my_package/build install --record /home/levin/ROS2_WS/obstacle_avoidance_bot/build/my_package/install.log --single-version-externally-managed
[10.355s] DEBUG:colcon.colcon_core.event_handler.log_command:Invoked command in '/home/levin/ROS2_WS/obstacle_avoidance_bot/my_package' returned '0': PYTHONPATH=/home/levin/ROS2_WS/obstacle_avoidance_bot/build/my_package/prefix_override:/home/levin/ROS2_WS/obstacle_avoidance_bot/install/my_package/lib/python3.10/site-packages:${PYTHONPATH} /usr/bin/python3 setup.py egg_info --egg-base ../build/my_package build --build-base /home/levin/ROS2_WS/obstacle_avoidance_bot/build/my_package/build install --record /home/levin/ROS2_WS/obstacle_avoidance_bot/build/my_package/install.log --single-version-externally-managed
[10.427s] Level 1:colcon.colcon_core.environment:checking '/home/levin/ROS2_WS/obstacle_avoidance_bot/install/my_package' for CMake module files
[10.428s] Level 1:colcon.colcon_core.environment:checking '/home/levin/ROS2_WS/obstacle_avoidance_bot/install/my_package' for CMake config files
[10.428s] Level 1:colcon.colcon_core.environment:checking '/home/levin/ROS2_WS/obstacle_avoidance_bot/install/my_package/lib'
[10.429s] Level 1:colcon.colcon_core.environment:checking '/home/levin/ROS2_WS/obstacle_avoidance_bot/install/my_package/bin'
[10.429s] Level 1:colcon.colcon_core.environment:checking '/home/levin/ROS2_WS/obstacle_avoidance_bot/install/my_package/lib/pkgconfig/my_package.pc'
[10.429s] Level 1:colcon.colcon_core.environment:checking '/home/levin/ROS2_WS/obstacle_avoidance_bot/install/my_package/lib/python3.10/site-packages'
[10.429s] Level 1:colcon.colcon_core.shell:create_environment_hook('my_package', 'pythonpath')
[10.431s] INFO:colcon.colcon_core.shell:Creating environment hook '/home/levin/ROS2_WS/obstacle_avoidance_bot/install/my_package/share/my_package/hook/pythonpath.ps1'
[10.431s] INFO:colcon.colcon_core.shell:Creating environment descriptor '/home/levin/ROS2_WS/obstacle_avoidance_bot/install/my_package/share/my_package/hook/pythonpath.dsv'
[10.432s] INFO:colcon.colcon_core.shell:Creating environment hook '/home/levin/ROS2_WS/obstacle_avoidance_bot/install/my_package/share/my_package/hook/pythonpath.sh'
[10.433s] Level 1:colcon.colcon_core.environment:checking '/home/levin/ROS2_WS/obstacle_avoidance_bot/install/my_package/bin'
[10.433s] Level 1:colcon.colcon_core.environment:create_environment_scripts_only(my_package)
[10.435s] INFO:colcon.colcon_core.shell:Creating package script '/home/levin/ROS2_WS/obstacle_avoidance_bot/install/my_package/share/my_package/package.ps1'
[10.442s] INFO:colcon.colcon_core.shell:Creating package descriptor '/home/levin/ROS2_WS/obstacle_avoidance_bot/install/my_package/share/my_package/package.dsv'
[10.463s] INFO:colcon.colcon_core.shell:Creating package script '/home/levin/ROS2_WS/obstacle_avoidance_bot/install/my_package/share/my_package/package.sh'
[10.465s] INFO:colcon.colcon_core.shell:Creating package script '/home/levin/ROS2_WS/obstacle_avoidance_bot/install/my_package/share/my_package/package.bash'
[10.523s] INFO:colcon.colcon_core.shell:Creating package script '/home/levin/ROS2_WS/obstacle_avoidance_bot/install/my_package/share/my_package/package.zsh'
[10.533s] Level 1:colcon.colcon_core.environment:create_file_with_runtime_dependencies(/home/levin/ROS2_WS/obstacle_avoidance_bot/install/my_package/share/colcon-core/packages/my_package)
[10.533s] DEBUG:colcon.colcon_parallel_executor.executor.parallel:closing loop
[10.534s] DEBUG:colcon.colcon_parallel_executor.executor.parallel:loop closed
[10.534s] DEBUG:colcon.colcon_parallel_executor.executor.parallel:run_until_complete finished with '0'
[10.534s] DEBUG:colcon.colcon_core.event_reactor:joining thread
[10.767s] INFO:colcon.colcon_core.plugin_system:Skipping extension 'colcon_notification.desktop_notification.terminal_notifier': Not used on non-Darwin systems
[10.767s] INFO:colcon.colcon_core.plugin_system:Skipping extension 'colcon_notification.desktop_notification.win32': Not used on non-Windows systems
[10.767s] INFO:colcon.colcon_notification.desktop_notification:Sending desktop notification using 'notify2'
[10.988s] DEBUG:colcon.colcon_core.event_reactor:joined thread
[10.989s] INFO:colcon.colcon_core.shell:Creating prefix script '/home/levin/ROS2_WS/obstacle_avoidance_bot/install/local_setup.ps1'
[11.009s] INFO:colcon.colcon_core.shell:Creating prefix util module '/home/levin/ROS2_WS/obstacle_avoidance_bot/install/_local_setup_util_ps1.py'
[11.089s] INFO:colcon.colcon_core.shell:Creating prefix chain script '/home/levin/ROS2_WS/obstacle_avoidance_bot/install/setup.ps1'
[11.098s] INFO:colcon.colcon_core.shell:Creating prefix script '/home/levin/ROS2_WS/obstacle_avoidance_bot/install/local_setup.sh'
[11.104s] INFO:colcon.colcon_core.shell:Creating prefix util module '/home/levin/ROS2_WS/obstacle_avoidance_bot/install/_local_setup_util_sh.py'
[11.104s] INFO:colcon.colcon_core.shell:Creating prefix chain script '/home/levin/ROS2_WS/obstacle_avoidance_bot/install/setup.sh'
[11.114s] INFO:colcon.colcon_core.shell:Creating prefix script '/home/levin/ROS2_WS/obstacle_avoidance_bot/install/local_setup.bash'
[11.140s] INFO:colcon.colcon_core.shell:Creating prefix chain script '/home/levin/ROS2_WS/obstacle_avoidance_bot/install/setup.bash'
[11.155s] INFO:colcon.colcon_core.shell:Creating prefix script '/home/levin/ROS2_WS/obstacle_avoidance_bot/install/local_setup.zsh'
[11.193s] INFO:colcon.colcon_core.shell:Creating prefix chain script '/home/levin/ROS2_WS/obstacle_avoidance_bot/install/setup.zsh'
