[2.306s] DEBUG:colcon:Command line arguments: ['/usr/bin/colcon', 'build']
[2.306s] DEBUG:colcon:Parsed command line arguments: Namespace(log_base=None, log_level=None, verb_name='build', build_base='build', install_base='install', merge_install=False, symlink_install=False, test_result_base=None, continue_on_error=False, executor='parallel', parallel_workers=2, event_handlers=None, ignore_user_meta=False, metas=['./colcon.meta'], base_paths=['.'], packages_ignore=None, packages_ignore_regex=None, paths=None, packages_up_to=None, packages_up_to_regex=None, packages_above=None, packages_above_and_dependencies=None, packages_above_depth=None, packages_select_by_dep=None, packages_skip_by_dep=None, packages_skip_up_to=None, packages_select_build_failed=False, packages_skip_build_finished=False, packages_select_test_failures=False, packages_skip_test_passed=False, packages_select=None, packages_skip=None, packages_select_regex=None, packages_skip_regex=None, packages_start=None, packages_end=None, allow_overriding=[], cmake_args=None, cmake_target=None, cmake_target_skip_unavailable=False, cmake_clean_cache=False, cmake_clean_first=False, cmake_force_configure=False, ament_cmake_args=None, catkin_cmake_args=None, catkin_skip_building_tests=False, verb_parser=<colcon_defaults.argument_parser.defaults.DefaultArgumentsDecorator object at 0x7f3cdf6e4730>, verb_extension=<colcon_core.verb.build.BuildVerb object at 0x7f3cdf60e650>, main=<bound method BuildVerb.main of <colcon_core.verb.build.BuildVerb object at 0x7f3cdf60e650>>)
[2.691s] Level 1:colcon.colcon_core.package_discovery:discover_packages(colcon_meta) check parameters
[2.691s] Level 1:colcon.colcon_core.package_discovery:discover_packages(recursive) check parameters
[2.691s] Level 1:colcon.colcon_core.package_discovery:discover_packages(ignore) check parameters
[2.691s] Level 1:colcon.colcon_core.package_discovery:discover_packages(path) check parameters
[2.691s] Level 1:colcon.colcon_core.package_discovery:discover_packages(colcon_meta) discover
[2.691s] Level 1:colcon.colcon_core.package_discovery:discover_packages(recursive) discover
[2.691s] INFO:colcon.colcon_core.package_discovery:Crawling recursively for packages in '/home/levin/ROS2_WS/obstacle_avoidance_bot'
[2.692s] Level 1:colcon.colcon_core.package_identification:_identify(.) by extensions ['ignore', 'ignore_ament_install']
[2.692s] Level 1:colcon.colcon_core.package_identification:_identify(.) by extension 'ignore'
[2.692s] Level 1:colcon.colcon_core.package_identification:_identify(.) by extension 'ignore_ament_install'
[2.692s] Level 1:colcon.colcon_core.package_identification:_identify(.) by extensions ['colcon_pkg']
[2.692s] Level 1:colcon.colcon_core.package_identification:_identify(.) by extension 'colcon_pkg'
[2.692s] Level 1:colcon.colcon_core.package_identification:_identify(.) by extensions ['colcon_meta']
[2.692s] Level 1:colcon.colcon_core.package_identification:_identify(.) by extension 'colcon_meta'
[2.692s] Level 1:colcon.colcon_core.package_identification:_identify(.) by extensions ['ros']
[2.692s] Level 1:colcon.colcon_core.package_identification:_identify(.) by extension 'ros'
[2.761s] Level 1:colcon.colcon_core.package_identification:_identify(.) by extensions ['cmake', 'python']
[2.761s] Level 1:colcon.colcon_core.package_identification:_identify(.) by extension 'cmake'
[2.761s] Level 1:colcon.colcon_core.package_identification:_identify(.) by extension 'python'
[2.762s] Level 1:colcon.colcon_core.package_identification:_identify(.) by extensions ['python_setup_py']
[2.762s] Level 1:colcon.colcon_core.package_identification:_identify(.) by extension 'python_setup_py'
[2.762s] Level 1:colcon.colcon_core.package_identification:_identify(build) by extensions ['ignore', 'ignore_ament_install']
[2.762s] Level 1:colcon.colcon_core.package_identification:_identify(build) by extension 'ignore'
[2.762s] Level 1:colcon.colcon_core.package_identification:_identify(build) ignored
[2.762s] Level 1:colcon.colcon_core.package_identification:_identify(install) by extensions ['ignore', 'ignore_ament_install']
[2.762s] Level 1:colcon.colcon_core.package_identification:_identify(install) by extension 'ignore'
[2.762s] Level 1:colcon.colcon_core.package_identification:_identify(install) ignored
[2.762s] Level 1:colcon.colcon_core.package_identification:_identify(log) by extensions ['ignore', 'ignore_ament_install']
[2.762s] Level 1:colcon.colcon_core.package_identification:_identify(log) by extension 'ignore'
[2.763s] Level 1:colcon.colcon_core.package_identification:_identify(log) ignored
[2.763s] Level 1:colcon.colcon_core.package_identification:_identify(my_package) by extensions ['ignore', 'ignore_ament_install']
[2.763s] Level 1:colcon.colcon_core.package_identification:_identify(my_package) by extension 'ignore'
[2.763s] Level 1:colcon.colcon_core.package_identification:_identify(my_package) by extension 'ignore_ament_install'
[2.763s] Level 1:colcon.colcon_core.package_identification:_identify(my_package) by extensions ['colcon_pkg']
[2.763s] Level 1:colcon.colcon_core.package_identification:_identify(my_package) by extension 'colcon_pkg'
[2.763s] Level 1:colcon.colcon_core.package_identification:_identify(my_package) by extensions ['colcon_meta']
[2.763s] Level 1:colcon.colcon_core.package_identification:_identify(my_package) by extension 'colcon_meta'
[2.763s] Level 1:colcon.colcon_core.package_identification:_identify(my_package) by extensions ['ros']
[2.763s] Level 1:colcon.colcon_core.package_identification:_identify(my_package) by extension 'ros'
[2.780s] DEBUG:colcon.colcon_core.package_identification:Package 'my_package' with type 'ros.ament_python' and name 'my_package'
[2.780s] Level 1:colcon.colcon_core.package_discovery:discover_packages(recursive) using defaults
[2.780s] Level 1:colcon.colcon_core.package_discovery:discover_packages(ignore) discover
[2.780s] Level 1:colcon.colcon_core.package_discovery:discover_packages(ignore) using defaults
[2.780s] Level 1:colcon.colcon_core.package_discovery:discover_packages(path) discover
[2.780s] Level 1:colcon.colcon_core.package_discovery:discover_packages(path) using defaults
[2.922s] Level 1:colcon.colcon_core.package_discovery:discover_packages(prefix_path) check parameters
[2.922s] Level 1:colcon.colcon_core.package_discovery:discover_packages(prefix_path) discover
[2.941s] DEBUG:colcon.colcon_installed_package_information.package_discovery:Found 292 installed packages in /opt/ros/humble
[2.942s] Level 1:colcon.colcon_core.package_discovery:discover_packages(prefix_path) using defaults
[3.054s] Level 5:colcon.colcon_core.verb:set package 'my_package' build argument 'cmake_args' from command line to 'None'
[3.054s] Level 5:colcon.colcon_core.verb:set package 'my_package' build argument 'cmake_target' from command line to 'None'
[3.054s] Level 5:colcon.colcon_core.verb:set package 'my_package' build argument 'cmake_target_skip_unavailable' from command line to 'False'
[3.055s] Level 5:colcon.colcon_core.verb:set package 'my_package' build argument 'cmake_clean_cache' from command line to 'False'
[3.055s] Level 5:colcon.colcon_core.verb:set package 'my_package' build argument 'cmake_clean_first' from command line to 'False'
[3.055s] Level 5:colcon.colcon_core.verb:set package 'my_package' build argument 'cmake_force_configure' from command line to 'False'
[3.055s] Level 5:colcon.colcon_core.verb:set package 'my_package' build argument 'ament_cmake_args' from command line to 'None'
[3.055s] Level 5:colcon.colcon_core.verb:set package 'my_package' build argument 'catkin_cmake_args' from command line to 'None'
[3.055s] Level 5:colcon.colcon_core.verb:set package 'my_package' build argument 'catkin_skip_building_tests' from command line to 'False'
[3.055s] DEBUG:colcon.colcon_core.verb:Building package 'my_package' with the following arguments: {'ament_cmake_args': None, 'build_base': '/home/levin/ROS2_WS/obstacle_avoidance_bot/build/my_package', 'catkin_cmake_args': None, 'catkin_skip_building_tests': False, 'cmake_args': None, 'cmake_clean_cache': False, 'cmake_clean_first': False, 'cmake_force_configure': False, 'cmake_target': None, 'cmake_target_skip_unavailable': False, 'install_base': '/home/levin/ROS2_WS/obstacle_avoidance_bot/install/my_package', 'merge_install': False, 'path': '/home/levin/ROS2_WS/obstacle_avoidance_bot/my_package', 'symlink_install': False, 'test_result_base': None}
[3.056s] INFO:colcon.colcon_core.executor:Executing jobs using 'parallel' executor
[3.060s] DEBUG:colcon.colcon_parallel_executor.executor.parallel:run_until_complete
[3.060s] INFO:colcon.colcon_ros.task.ament_python.build:Building ROS package in '/home/levin/ROS2_WS/obstacle_avoidance_bot/my_package' with build type 'ament_python'
[3.060s] Level 1:colcon.colcon_core.shell:create_environment_hook('my_package', 'ament_prefix_path')
[3.117s] INFO:colcon.colcon_core.plugin_system:Skipping extension 'colcon_core.shell.bat': Not used on non-Windows systems
[3.117s] INFO:colcon.colcon_core.shell:Creating environment hook '/home/levin/ROS2_WS/obstacle_avoidance_bot/install/my_package/share/my_package/hook/ament_prefix_path.ps1'
[3.125s] INFO:colcon.colcon_core.shell:Creating environment descriptor '/home/levin/ROS2_WS/obstacle_avoidance_bot/install/my_package/share/my_package/hook/ament_prefix_path.dsv'
[3.136s] INFO:colcon.colcon_core.shell:Creating environment hook '/home/levin/ROS2_WS/obstacle_avoidance_bot/install/my_package/share/my_package/hook/ament_prefix_path.sh'
[3.139s] INFO:colcon.colcon_core.shell:Skip shell extension 'powershell' for command environment: Not usable outside of PowerShell
[3.139s] DEBUG:colcon.colcon_core.shell:Skip shell extension 'dsv' for command environment
[3.622s] INFO:colcon.colcon_core.task.python.build:Building Python package in '/home/levin/ROS2_WS/obstacle_avoidance_bot/my_package'
[3.624s] INFO:colcon.colcon_core.shell:Skip shell extension 'powershell' for command environment: Not usable outside of PowerShell
[3.624s] DEBUG:colcon.colcon_core.shell:Skip shell extension 'dsv' for command environment
[4.421s] DEBUG:colcon.colcon_core.event_handler.log_command:Invoking command in '/home/levin/ROS2_WS/obstacle_avoidance_bot/my_package': PYTHONPATH=/home/levin/ROS2_WS/obstacle_avoidance_bot/build/my_package/prefix_override:/home/levin/ROS2_WS/obstacle_avoidance_bot/install/my_package/lib/python3.10/site-packages:${PYTHONPATH} /usr/bin/python3 setup.py egg_info --egg-base ../build/my_package build --build-base /home/levin/ROS2_WS/obstacle_avoidance_bot/build/my_package/build install --record /home/levin/ROS2_WS/obstacle_avoidance_bot/build/my_package/install.log --single-version-externally-managed
[4.885s] DEBUG:colcon.colcon_core.event_handler.log_command:Invoked command in '/home/levin/ROS2_WS/obstacle_avoidance_bot/my_package' returned '0': PYTHONPATH=/home/levin/ROS2_WS/obstacle_avoidance_bot/build/my_package/prefix_override:/home/levin/ROS2_WS/obstacle_avoidance_bot/install/my_package/lib/python3.10/site-packages:${PYTHONPATH} /usr/bin/python3 setup.py egg_info --egg-base ../build/my_package build --build-base /home/levin/ROS2_WS/obstacle_avoidance_bot/build/my_package/build install --record /home/levin/ROS2_WS/obstacle_avoidance_bot/build/my_package/install.log --single-version-externally-managed
[4.950s] Level 1:colcon.colcon_core.environment:checking '/home/levin/ROS2_WS/obstacle_avoidance_bot/install/my_package' for CMake module files
[4.951s] Level 1:colcon.colcon_core.environment:checking '/home/levin/ROS2_WS/obstacle_avoidance_bot/install/my_package' for CMake config files
[4.952s] Level 1:colcon.colcon_core.environment:checking '/home/levin/ROS2_WS/obstacle_avoidance_bot/install/my_package/lib'
[4.952s] Level 1:colcon.colcon_core.environment:checking '/home/levin/ROS2_WS/obstacle_avoidance_bot/install/my_package/bin'
[4.952s] Level 1:colcon.colcon_core.environment:checking '/home/levin/ROS2_WS/obstacle_avoidance_bot/install/my_package/lib/pkgconfig/my_package.pc'
[4.952s] Level 1:colcon.colcon_core.environment:checking '/home/levin/ROS2_WS/obstacle_avoidance_bot/install/my_package/lib/python3.10/site-packages'
[4.952s] Level 1:colcon.colcon_core.shell:create_environment_hook('my_package', 'pythonpath')
[4.954s] INFO:colcon.colcon_core.shell:Creating environment hook '/home/levin/ROS2_WS/obstacle_avoidance_bot/install/my_package/share/my_package/hook/pythonpath.ps1'
[4.954s] INFO:colcon.colcon_core.shell:Creating environment descriptor '/home/levin/ROS2_WS/obstacle_avoidance_bot/install/my_package/share/my_package/hook/pythonpath.dsv'
[4.955s] INFO:colcon.colcon_core.shell:Creating environment hook '/home/levin/ROS2_WS/obstacle_avoidance_bot/install/my_package/share/my_package/hook/pythonpath.sh'
[4.955s] Level 1:colcon.colcon_core.environment:checking '/home/levin/ROS2_WS/obstacle_avoidance_bot/install/my_package/bin'
[4.955s] Level 1:colcon.colcon_core.environment:create_environment_scripts_only(my_package)
[4.957s] INFO:colcon.colcon_core.shell:Creating package script '/home/levin/ROS2_WS/obstacle_avoidance_bot/install/my_package/share/my_package/package.ps1'
[4.958s] INFO:colcon.colcon_core.shell:Creating package descriptor '/home/levin/ROS2_WS/obstacle_avoidance_bot/install/my_package/share/my_package/package.dsv'
[4.978s] INFO:colcon.colcon_core.shell:Creating package script '/home/levin/ROS2_WS/obstacle_avoidance_bot/install/my_package/share/my_package/package.sh'
[4.979s] INFO:colcon.colcon_core.shell:Creating package script '/home/levin/ROS2_WS/obstacle_avoidance_bot/install/my_package/share/my_package/package.bash'
[4.997s] INFO:colcon.colcon_core.shell:Creating package script '/home/levin/ROS2_WS/obstacle_avoidance_bot/install/my_package/share/my_package/package.zsh'
[4.998s] Level 1:colcon.colcon_core.environment:create_file_with_runtime_dependencies(/home/levin/ROS2_WS/obstacle_avoidance_bot/install/my_package/share/colcon-core/packages/my_package)
[4.999s] DEBUG:colcon.colcon_parallel_executor.executor.parallel:closing loop
[4.999s] DEBUG:colcon.colcon_parallel_executor.executor.parallel:loop closed
[4.999s] DEBUG:colcon.colcon_parallel_executor.executor.parallel:run_until_complete finished with '0'
[4.999s] DEBUG:colcon.colcon_core.event_reactor:joining thread
[5.249s] INFO:colcon.colcon_core.plugin_system:Skipping extension 'colcon_notification.desktop_notification.terminal_notifier': Not used on non-Darwin systems
[5.249s] INFO:colcon.colcon_core.plugin_system:Skipping extension 'colcon_notification.desktop_notification.win32': Not used on non-Windows systems
[5.250s] INFO:colcon.colcon_notification.desktop_notification:Sending desktop notification using 'notify2'
[5.275s] DEBUG:colcon.colcon_core.event_reactor:joined thread
[5.277s] INFO:colcon.colcon_core.shell:Creating prefix script '/home/levin/ROS2_WS/obstacle_avoidance_bot/install/local_setup.ps1'
[5.278s] INFO:colcon.colcon_core.shell:Creating prefix util module '/home/levin/ROS2_WS/obstacle_avoidance_bot/install/_local_setup_util_ps1.py'
[5.281s] INFO:colcon.colcon_core.shell:Creating prefix chain script '/home/levin/ROS2_WS/obstacle_avoidance_bot/install/setup.ps1'
[5.283s] INFO:colcon.colcon_core.shell:Creating prefix script '/home/levin/ROS2_WS/obstacle_avoidance_bot/install/local_setup.sh'
[5.284s] INFO:colcon.colcon_core.shell:Creating prefix util module '/home/levin/ROS2_WS/obstacle_avoidance_bot/install/_local_setup_util_sh.py'
[5.285s] INFO:colcon.colcon_core.shell:Creating prefix chain script '/home/levin/ROS2_WS/obstacle_avoidance_bot/install/setup.sh'
[5.289s] INFO:colcon.colcon_core.shell:Creating prefix script '/home/levin/ROS2_WS/obstacle_avoidance_bot/install/local_setup.bash'
[5.291s] INFO:colcon.colcon_core.shell:Creating prefix chain script '/home/levin/ROS2_WS/obstacle_avoidance_bot/install/setup.bash'
[5.294s] INFO:colcon.colcon_core.shell:Creating prefix script '/home/levin/ROS2_WS/obstacle_avoidance_bot/install/local_setup.zsh'
[5.298s] INFO:colcon.colcon_core.shell:Creating prefix chain script '/home/levin/ROS2_WS/obstacle_avoidance_bot/install/setup.zsh'
