[1.875s] Invoking command in '/home/levin/ROS2_WS/obstacle_avoidance_bot/my_package': PYTHONPATH=/home/levin/ROS2_WS/obstacle_avoidance_bot/build/my_package/prefix_override:/home/levin/ROS2_WS/obstacle_avoidance_bot/install/my_package/lib/python3.10/site-packages:${PYTHONPATH} /usr/bin/python3 setup.py egg_info --egg-base ../build/my_package build --build-base /home/levin/ROS2_WS/obstacle_avoidance_bot/build/my_package/build install --record /home/levin/ROS2_WS/obstacle_avoidance_bot/build/my_package/install.log --single-version-externally-managed
[2.371s] running egg_info
[2.391s] writing ../build/my_package/my_package.egg-info/PKG-INFO
[2.392s] writing dependency_links to ../build/my_package/my_package.egg-info/dependency_links.txt
[2.392s] writing entry points to ../build/my_package/my_package.egg-info/entry_points.txt
[2.392s] writing requirements to ../build/my_package/my_package.egg-info/requires.txt
[2.392s] writing top-level names to ../build/my_package/my_package.egg-info/top_level.txt
[2.394s] reading manifest file '../build/my_package/my_package.egg-info/SOURCES.txt'
[2.409s] writing manifest file '../build/my_package/my_package.egg-info/SOURCES.txt'
[2.410s] running build
[2.411s] running build_py
[2.412s] copying my_package/obstacle_avoidance.py -> /home/levin/ROS2_WS/obstacle_avoidance_bot/build/my_package/build/lib/my_package
[2.416s] running install
[2.429s] /usr/lib/python3/dist-packages/setuptools/command/install.py:34: SetuptoolsDeprecationWarning: setup.py install is deprecated. Use build and pip and other standards-based tools.
[2.429s]   warnings.warn(
[2.430s] running install_lib
[2.432s] copying /home/levin/ROS2_WS/obstacle_avoidance_bot/build/my_package/build/lib/my_package/obstacle_avoidance.py -> /home/levin/ROS2_WS/obstacle_avoidance_bot/install/my_package/lib/python3.10/site-packages/my_package
[2.436s] byte-compiling /home/levin/ROS2_WS/obstacle_avoidance_bot/install/my_package/lib/python3.10/site-packages/my_package/obstacle_avoidance.py to obstacle_avoidance.cpython-310.pyc
[2.437s] running install_data
[2.437s] running install_egg_info
[2.446s] removing '/home/levin/ROS2_WS/obstacle_avoidance_bot/install/my_package/lib/python3.10/site-packages/my_package-0.0.0-py3.10.egg-info' (and everything under it)
[2.447s] Copying ../build/my_package/my_package.egg-info to /home/levin/ROS2_WS/obstacle_avoidance_bot/install/my_package/lib/python3.10/site-packages/my_package-0.0.0-py3.10.egg-info
[2.455s] running install_scripts
[2.487s] Installing my_circle_movement script to /home/levin/ROS2_WS/obstacle_avoidance_bot/install/my_package/lib/my_package
[2.488s] Installing obstacle_avoidance_node script to /home/levin/ROS2_WS/obstacle_avoidance_bot/install/my_package/lib/my_package
[2.489s] writing list of installed files to '/home/levin/ROS2_WS/obstacle_avoidance_bot/build/my_package/install.log'
[2.553s] Invoked command in '/home/levin/ROS2_WS/obstacle_avoidance_bot/my_package' returned '0': PYTHONPATH=/home/levin/ROS2_WS/obstacle_avoidance_bot/build/my_package/prefix_override:/home/levin/ROS2_WS/obstacle_avoidance_bot/install/my_package/lib/python3.10/site-packages:${PYTHONPATH} /usr/bin/python3 setup.py egg_info --egg-base ../build/my_package build --build-base /home/levin/ROS2_WS/obstacle_avoidance_bot/build/my_package/build install --record /home/levin/ROS2_WS/obstacle_avoidance_bot/build/my_package/install.log --single-version-externally-managed
