[1.611s] DEBUG:colcon:Command line arguments: ['/usr/bin/colcon', 'build']
[1.611s] DEBUG:colcon:Parsed command line arguments: Namespace(log_base=None, log_level=None, verb_name='build', build_base='build', install_base='install', merge_install=False, symlink_install=False, test_result_base=None, continue_on_error=False, executor='parallel', parallel_workers=2, event_handlers=None, ignore_user_meta=False, metas=['./colcon.meta'], base_paths=['.'], packages_ignore=None, packages_ignore_regex=None, paths=None, packages_up_to=None, packages_up_to_regex=None, packages_above=None, packages_above_and_dependencies=None, packages_above_depth=None, packages_select_by_dep=None, packages_skip_by_dep=None, packages_skip_up_to=None, packages_select_build_failed=False, packages_skip_build_finished=False, packages_select_test_failures=False, packages_skip_test_passed=False, packages_select=None, packages_skip=None, packages_select_regex=None, packages_skip_regex=None, packages_start=None, packages_end=None, allow_overriding=[], cmake_args=None, cmake_target=None, cmake_target_skip_unavailable=False, cmake_clean_cache=False, cmake_clean_first=False, cmake_force_configure=False, ament_cmake_args=None, catkin_cmake_args=None, catkin_skip_building_tests=False, verb_parser=<colcon_defaults.argument_parser.defaults.DefaultArgumentsDecorator object at 0x7f98bfbd8820>, verb_extension=<colcon_core.verb.build.BuildVerb object at 0x7f98bfb02740>, main=<bound method BuildVerb.main of <colcon_core.verb.build.BuildVerb object at 0x7f98bfb02740>>)
[1.829s] Level 1:colcon.colcon_core.package_discovery:discover_packages(colcon_meta) check parameters
[1.829s] Level 1:colcon.colcon_core.package_discovery:discover_packages(recursive) check parameters
[1.829s] Level 1:colcon.colcon_core.package_discovery:discover_packages(ignore) check parameters
[1.829s] Level 1:colcon.colcon_core.package_discovery:discover_packages(path) check parameters
[1.829s] Level 1:colcon.colcon_core.package_discovery:discover_packages(colcon_meta) discover
[1.829s] Level 1:colcon.colcon_core.package_discovery:discover_packages(recursive) discover
[1.829s] INFO:colcon.colcon_core.package_discovery:Crawling recursively for packages in '/home/levin/ROS2_WS/obstacle_avoidance_bot'
[1.829s] Level 1:colcon.colcon_core.package_identification:_identify(.) by extensions ['ignore', 'ignore_ament_install']
[1.829s] Level 1:colcon.colcon_core.package_identification:_identify(.) by extension 'ignore'
[1.830s] Level 1:colcon.colcon_core.package_identification:_identify(.) by extension 'ignore_ament_install'
[1.830s] Level 1:colcon.colcon_core.package_identification:_identify(.) by extensions ['colcon_pkg']
[1.830s] Level 1:colcon.colcon_core.package_identification:_identify(.) by extension 'colcon_pkg'
[1.830s] Level 1:colcon.colcon_core.package_identification:_identify(.) by extensions ['colcon_meta']
[1.830s] Level 1:colcon.colcon_core.package_identification:_identify(.) by extension 'colcon_meta'
[1.830s] Level 1:colcon.colcon_core.package_identification:_identify(.) by extensions ['ros']
[1.830s] Level 1:colcon.colcon_core.package_identification:_identify(.) by extension 'ros'
[1.874s] Level 1:colcon.colcon_core.package_identification:_identify(.) by extensions ['cmake', 'python']
[1.874s] Level 1:colcon.colcon_core.package_identification:_identify(.) by extension 'cmake'
[1.874s] Level 1:colcon.colcon_core.package_identification:_identify(.) by extension 'python'
[1.874s] Level 1:colcon.colcon_core.package_identification:_identify(.) by extensions ['python_setup_py']
[1.874s] Level 1:colcon.colcon_core.package_identification:_identify(.) by extension 'python_setup_py'
[1.874s] Level 1:colcon.colcon_core.package_identification:_identify(build) by extensions ['ignore', 'ignore_ament_install']
[1.874s] Level 1:colcon.colcon_core.package_identification:_identify(build) by extension 'ignore'
[1.874s] Level 1:colcon.colcon_core.package_identification:_identify(build) ignored
[1.875s] Level 1:colcon.colcon_core.package_identification:_identify(install) by extensions ['ignore', 'ignore_ament_install']
[1.875s] Level 1:colcon.colcon_core.package_identification:_identify(install) by extension 'ignore'
[1.875s] Level 1:colcon.colcon_core.package_identification:_identify(install) ignored
[1.875s] Level 1:colcon.colcon_core.package_identification:_identify(log) by extensions ['ignore', 'ignore_ament_install']
[1.875s] Level 1:colcon.colcon_core.package_identification:_identify(log) by extension 'ignore'
[1.875s] Level 1:colcon.colcon_core.package_identification:_identify(log) ignored
[1.875s] Level 1:colcon.colcon_core.package_identification:_identify(my_package) by extensions ['ignore', 'ignore_ament_install']
[1.875s] Level 1:colcon.colcon_core.package_identification:_identify(my_package) by extension 'ignore'
[1.875s] Level 1:colcon.colcon_core.package_identification:_identify(my_package) by extension 'ignore_ament_install'
[1.875s] Level 1:colcon.colcon_core.package_identification:_identify(my_package) by extensions ['colcon_pkg']
[1.875s] Level 1:colcon.colcon_core.package_identification:_identify(my_package) by extension 'colcon_pkg'
[1.876s] Level 1:colcon.colcon_core.package_identification:_identify(my_package) by extensions ['colcon_meta']
[1.876s] Level 1:colcon.colcon_core.package_identification:_identify(my_package) by extension 'colcon_meta'
[1.876s] Level 1:colcon.colcon_core.package_identification:_identify(my_package) by extensions ['ros']
[1.876s] Level 1:colcon.colcon_core.package_identification:_identify(my_package) by extension 'ros'
[1.896s] DEBUG:colcon.colcon_core.package_identification:Package 'my_package' with type 'ros.ament_python' and name 'my_package'
[1.896s] Level 1:colcon.colcon_core.package_discovery:discover_packages(recursive) using defaults
[1.896s] Level 1:colcon.colcon_core.package_discovery:discover_packages(ignore) discover
[1.897s] Level 1:colcon.colcon_core.package_discovery:discover_packages(ignore) using defaults
[1.897s] Level 1:colcon.colcon_core.package_discovery:discover_packages(path) discover
[1.897s] Level 1:colcon.colcon_core.package_discovery:discover_packages(path) using defaults
[2.027s] Level 1:colcon.colcon_core.package_discovery:discover_packages(prefix_path) check parameters
[2.027s] Level 1:colcon.colcon_core.package_discovery:discover_packages(prefix_path) discover
[2.045s] DEBUG:colcon.colcon_installed_package_information.package_discovery:Found 1 installed packages in /home/levin/ROS2_WS/obstacle_avoidance_bot/install
[2.047s] DEBUG:colcon.colcon_installed_package_information.package_discovery:Found 292 installed packages in /opt/ros/humble
[2.048s] Level 1:colcon.colcon_core.package_discovery:discover_packages(prefix_path) using defaults
[2.178s] Level 5:colcon.colcon_core.verb:set package 'my_package' build argument 'cmake_args' from command line to 'None'
[2.178s] Level 5:colcon.colcon_core.verb:set package 'my_package' build argument 'cmake_target' from command line to 'None'
[2.178s] Level 5:colcon.colcon_core.verb:set package 'my_package' build argument 'cmake_target_skip_unavailable' from command line to 'False'
[2.178s] Level 5:colcon.colcon_core.verb:set package 'my_package' build argument 'cmake_clean_cache' from command line to 'False'
[2.178s] Level 5:colcon.colcon_core.verb:set package 'my_package' build argument 'cmake_clean_first' from command line to 'False'
[2.178s] Level 5:colcon.colcon_core.verb:set package 'my_package' build argument 'cmake_force_configure' from command line to 'False'
[2.178s] Level 5:colcon.colcon_core.verb:set package 'my_package' build argument 'ament_cmake_args' from command line to 'None'
[2.178s] Level 5:colcon.colcon_core.verb:set package 'my_package' build argument 'catkin_cmake_args' from command line to 'None'
[2.178s] Level 5:colcon.colcon_core.verb:set package 'my_package' build argument 'catkin_skip_building_tests' from command line to 'False'
[2.178s] DEBUG:colcon.colcon_core.verb:Building package 'my_package' with the following arguments: {'ament_cmake_args': None, 'build_base': '/home/levin/ROS2_WS/obstacle_avoidance_bot/build/my_package', 'catkin_cmake_args': None, 'catkin_skip_building_tests': False, 'cmake_args': None, 'cmake_clean_cache': False, 'cmake_clean_first': False, 'cmake_force_configure': False, 'cmake_target': None, 'cmake_target_skip_unavailable': False, 'install_base': '/home/levin/ROS2_WS/obstacle_avoidance_bot/install/my_package', 'merge_install': False, 'path': '/home/levin/ROS2_WS/obstacle_avoidance_bot/my_package', 'symlink_install': False, 'test_result_base': None}
[2.179s] INFO:colcon.colcon_core.executor:Executing jobs using 'parallel' executor
[2.183s] DEBUG:colcon.colcon_parallel_executor.executor.parallel:run_until_complete
[2.183s] INFO:colcon.colcon_ros.task.ament_python.build:Building ROS package in '/home/levin/ROS2_WS/obstacle_avoidance_bot/my_package' with build type 'ament_python'
[2.184s] Level 1:colcon.colcon_core.shell:create_environment_hook('my_package', 'ament_prefix_path')
[2.239s] INFO:colcon.colcon_core.plugin_system:Skipping extension 'colcon_core.shell.bat': Not used on non-Windows systems
[2.239s] INFO:colcon.colcon_core.shell:Creating environment hook '/home/levin/ROS2_WS/obstacle_avoidance_bot/install/my_package/share/my_package/hook/ament_prefix_path.ps1'
[2.240s] INFO:colcon.colcon_core.shell:Creating environment descriptor '/home/levin/ROS2_WS/obstacle_avoidance_bot/install/my_package/share/my_package/hook/ament_prefix_path.dsv'
[2.249s] INFO:colcon.colcon_core.shell:Creating environment hook '/home/levin/ROS2_WS/obstacle_avoidance_bot/install/my_package/share/my_package/hook/ament_prefix_path.sh'
[2.252s] INFO:colcon.colcon_core.shell:Skip shell extension 'powershell' for command environment: Not usable outside of PowerShell
[2.252s] DEBUG:colcon.colcon_core.shell:Skip shell extension 'dsv' for command environment
[2.648s] INFO:colcon.colcon_core.task.python.build:Building Python package in '/home/levin/ROS2_WS/obstacle_avoidance_bot/my_package'
[2.650s] INFO:colcon.colcon_core.shell:Skip shell extension 'powershell' for command environment: Not usable outside of PowerShell
[2.650s] DEBUG:colcon.colcon_core.shell:Skip shell extension 'dsv' for command environment
[3.313s] DEBUG:colcon.colcon_core.event_handler.log_command:Invoking command in '/home/levin/ROS2_WS/obstacle_avoidance_bot/my_package': PYTHONPATH=/home/levin/ROS2_WS/obstacle_avoidance_bot/build/my_package/prefix_override:/home/levin/ROS2_WS/obstacle_avoidance_bot/install/my_package/lib/python3.10/site-packages:${PYTHONPATH} /usr/bin/python3 setup.py egg_info --egg-base ../build/my_package build --build-base /home/levin/ROS2_WS/obstacle_avoidance_bot/build/my_package/build install --record /home/levin/ROS2_WS/obstacle_avoidance_bot/build/my_package/install.log --single-version-externally-managed
[3.708s] DEBUG:colcon.colcon_core.event_handler.log_command:Invoked command in '/home/levin/ROS2_WS/obstacle_avoidance_bot/my_package' returned '0': PYTHONPATH=/home/levin/ROS2_WS/obstacle_avoidance_bot/build/my_package/prefix_override:/home/levin/ROS2_WS/obstacle_avoidance_bot/install/my_package/lib/python3.10/site-packages:${PYTHONPATH} /usr/bin/python3 setup.py egg_info --egg-base ../build/my_package build --build-base /home/levin/ROS2_WS/obstacle_avoidance_bot/build/my_package/build install --record /home/levin/ROS2_WS/obstacle_avoidance_bot/build/my_package/install.log --single-version-externally-managed
[3.764s] Level 1:colcon.colcon_core.environment:checking '/home/levin/ROS2_WS/obstacle_avoidance_bot/install/my_package' for CMake module files
[3.764s] Level 1:colcon.colcon_core.environment:checking '/home/levin/ROS2_WS/obstacle_avoidance_bot/install/my_package' for CMake config files
[3.765s] Level 1:colcon.colcon_core.environment:checking '/home/levin/ROS2_WS/obstacle_avoidance_bot/install/my_package/lib'
[3.765s] Level 1:colcon.colcon_core.environment:checking '/home/levin/ROS2_WS/obstacle_avoidance_bot/install/my_package/bin'
[3.765s] Level 1:colcon.colcon_core.environment:checking '/home/levin/ROS2_WS/obstacle_avoidance_bot/install/my_package/lib/pkgconfig/my_package.pc'
[3.765s] Level 1:colcon.colcon_core.environment:checking '/home/levin/ROS2_WS/obstacle_avoidance_bot/install/my_package/lib/python3.10/site-packages'
[3.766s] Level 1:colcon.colcon_core.shell:create_environment_hook('my_package', 'pythonpath')
[3.767s] INFO:colcon.colcon_core.shell:Creating environment hook '/home/levin/ROS2_WS/obstacle_avoidance_bot/install/my_package/share/my_package/hook/pythonpath.ps1'
[3.767s] INFO:colcon.colcon_core.shell:Creating environment descriptor '/home/levin/ROS2_WS/obstacle_avoidance_bot/install/my_package/share/my_package/hook/pythonpath.dsv'
[3.768s] INFO:colcon.colcon_core.shell:Creating environment hook '/home/levin/ROS2_WS/obstacle_avoidance_bot/install/my_package/share/my_package/hook/pythonpath.sh'
[3.768s] Level 1:colcon.colcon_core.environment:checking '/home/levin/ROS2_WS/obstacle_avoidance_bot/install/my_package/bin'
[3.768s] Level 1:colcon.colcon_core.environment:create_environment_scripts_only(my_package)
[3.770s] INFO:colcon.colcon_core.shell:Creating package script '/home/levin/ROS2_WS/obstacle_avoidance_bot/install/my_package/share/my_package/package.ps1'
[3.771s] INFO:colcon.colcon_core.shell:Creating package descriptor '/home/levin/ROS2_WS/obstacle_avoidance_bot/install/my_package/share/my_package/package.dsv'
[3.791s] INFO:colcon.colcon_core.shell:Creating package script '/home/levin/ROS2_WS/obstacle_avoidance_bot/install/my_package/share/my_package/package.sh'
[3.793s] INFO:colcon.colcon_core.shell:Creating package script '/home/levin/ROS2_WS/obstacle_avoidance_bot/install/my_package/share/my_package/package.bash'
[3.801s] INFO:colcon.colcon_core.shell:Creating package script '/home/levin/ROS2_WS/obstacle_avoidance_bot/install/my_package/share/my_package/package.zsh'
[3.802s] Level 1:colcon.colcon_core.environment:create_file_with_runtime_dependencies(/home/levin/ROS2_WS/obstacle_avoidance_bot/install/my_package/share/colcon-core/packages/my_package)
[3.803s] DEBUG:colcon.colcon_parallel_executor.executor.parallel:closing loop
[3.803s] DEBUG:colcon.colcon_parallel_executor.executor.parallel:loop closed
[3.803s] DEBUG:colcon.colcon_parallel_executor.executor.parallel:run_until_complete finished with '0'
[3.803s] DEBUG:colcon.colcon_core.event_reactor:joining thread
[3.933s] INFO:colcon.colcon_core.plugin_system:Skipping extension 'colcon_notification.desktop_notification.terminal_notifier': Not used on non-Darwin systems
[3.933s] INFO:colcon.colcon_core.plugin_system:Skipping extension 'colcon_notification.desktop_notification.win32': Not used on non-Windows systems
[3.933s] INFO:colcon.colcon_notification.desktop_notification:Sending desktop notification using 'notify2'
[3.947s] DEBUG:colcon.colcon_core.event_reactor:joined thread
[3.949s] INFO:colcon.colcon_core.shell:Creating prefix script '/home/levin/ROS2_WS/obstacle_avoidance_bot/install/local_setup.ps1'
[3.951s] INFO:colcon.colcon_core.shell:Creating prefix util module '/home/levin/ROS2_WS/obstacle_avoidance_bot/install/_local_setup_util_ps1.py'
[3.953s] INFO:colcon.colcon_core.shell:Creating prefix chain script '/home/levin/ROS2_WS/obstacle_avoidance_bot/install/setup.ps1'
[3.955s] INFO:colcon.colcon_core.shell:Creating prefix script '/home/levin/ROS2_WS/obstacle_avoidance_bot/install/local_setup.sh'
[3.956s] INFO:colcon.colcon_core.shell:Creating prefix util module '/home/levin/ROS2_WS/obstacle_avoidance_bot/install/_local_setup_util_sh.py'
[3.956s] INFO:colcon.colcon_core.shell:Creating prefix chain script '/home/levin/ROS2_WS/obstacle_avoidance_bot/install/setup.sh'
[3.958s] INFO:colcon.colcon_core.shell:Creating prefix script '/home/levin/ROS2_WS/obstacle_avoidance_bot/install/local_setup.bash'
[3.958s] INFO:colcon.colcon_core.shell:Creating prefix chain script '/home/levin/ROS2_WS/obstacle_avoidance_bot/install/setup.bash'
[3.960s] INFO:colcon.colcon_core.shell:Creating prefix script '/home/levin/ROS2_WS/obstacle_avoidance_bot/install/local_setup.zsh'
[3.960s] INFO:colcon.colcon_core.shell:Creating prefix chain script '/home/levin/ROS2_WS/obstacle_avoidance_bot/install/setup.zsh'
