[2.071s] Invoking command in '/home/levin/ROS2_WS/obstacle_avoidance_bot/my_package': PYTHONPATH=/home/levin/ROS2_WS/obstacle_avoidance_bot/build/my_package/prefix_override:/home/levin/ROS2_WS/obstacle_avoidance_bot/install/my_package/lib/python3.10/site-packages:${PYTHONPATH} /usr/bin/python3 setup.py egg_info --egg-base ../build/my_package build --build-base /home/levin/ROS2_WS/obstacle_avoidance_bot/build/my_package/build install --record /home/levin/ROS2_WS/obstacle_avoidance_bot/build/my_package/install.log --single-version-externally-managed
[2.527s] running egg_info
[2.529s] writing ../build/my_package/my_package.egg-info/PKG-INFO
[2.531s] writing dependency_links to ../build/my_package/my_package.egg-info/dependency_links.txt
[2.532s] writing entry points to ../build/my_package/my_package.egg-info/entry_points.txt
[2.532s] writing requirements to ../build/my_package/my_package.egg-info/requires.txt
[2.533s] writing top-level names to ../build/my_package/my_package.egg-info/top_level.txt
[2.536s] reading manifest file '../build/my_package/my_package.egg-info/SOURCES.txt'
[2.537s] writing manifest file '../build/my_package/my_package.egg-info/SOURCES.txt'
[2.537s] running build
[2.538s] running build_py
[2.538s] running install
[2.557s] /usr/lib/python3/dist-packages/setuptools/command/install.py:34: SetuptoolsDeprecationWarning: setup.py install is deprecated. Use build and pip and other standards-based tools.
[2.557s]   warnings.warn(
[2.557s] running install_lib
[2.557s] running install_data
[2.557s] running install_egg_info
[2.557s] removing '/home/levin/ROS2_WS/obstacle_avoidance_bot/install/my_package/lib/python3.10/site-packages/my_package-0.0.0-py3.10.egg-info' (and everything under it)
[2.563s] Copying ../build/my_package/my_package.egg-info to /home/levin/ROS2_WS/obstacle_avoidance_bot/install/my_package/lib/python3.10/site-packages/my_package-0.0.0-py3.10.egg-info
[2.580s] running install_scripts
[2.624s] Installing my_circle_movement script to /home/levin/ROS2_WS/obstacle_avoidance_bot/install/my_package/lib/my_package
[2.627s] writing list of installed files to '/home/levin/ROS2_WS/obstacle_avoidance_bot/build/my_package/install.log'
[2.706s] Invoked command in '/home/levin/ROS2_WS/obstacle_avoidance_bot/my_package' returned '0': PYTHONPATH=/home/levin/ROS2_WS/obstacle_avoidance_bot/build/my_package/prefix_override:/home/levin/ROS2_WS/obstacle_avoidance_bot/install/my_package/lib/python3.10/site-packages:${PYTHONPATH} /usr/bin/python3 setup.py egg_info --egg-base ../build/my_package build --build-base /home/levin/ROS2_WS/obstacle_avoidance_bot/build/my_package/build install --record /home/levin/ROS2_WS/obstacle_avoidance_bot/build/my_package/install.log --single-version-externally-managed
