[1.111s] Invoking command in '/home/levin/ROS2_WS/obstacle_avoidance_bot/my_package': PYTHONPATH=/home/levin/ROS2_WS/obstacle_avoidance_bot/build/my_package/prefix_override:/home/levin/ROS2_WS/obstacle_avoidance_bot/install/my_package/lib/python3.10/site-packages:${PYTHONPATH} /usr/bin/python3 setup.py egg_info --egg-base ../build/my_package build --build-base /home/levin/ROS2_WS/obstacle_avoidance_bot/build/my_package/build install --record /home/levin/ROS2_WS/obstacle_avoidance_bot/build/my_package/install.log --single-version-externally-managed
[1.505s] running egg_info
[1.507s] writing ../build/my_package/my_package.egg-info/PKG-INFO
[1.508s] writing dependency_links to ../build/my_package/my_package.egg-info/dependency_links.txt
[1.509s] writing entry points to ../build/my_package/my_package.egg-info/entry_points.txt
[1.510s] writing requirements to ../build/my_package/my_package.egg-info/requires.txt
[1.511s] writing top-level names to ../build/my_package/my_package.egg-info/top_level.txt
[1.514s] reading manifest file '../build/my_package/my_package.egg-info/SOURCES.txt'
[1.518s] writing manifest file '../build/my_package/my_package.egg-info/SOURCES.txt'
[1.518s] running build
[1.519s] running build_py
[1.520s] copying my_package/obstacle_avoidance.py -> /home/levin/ROS2_WS/obstacle_avoidance_bot/build/my_package/build/lib/my_package
[1.540s] /usr/lib/python3/dist-packages/setuptools/command/install.py:34: SetuptoolsDeprecationWarning: setup.py install is deprecated. Use build and pip and other standards-based tools.
[1.540s]   warnings.warn(
[1.540s] running install
[1.540s] running install_lib
[1.543s] copying /home/levin/ROS2_WS/obstacle_avoidance_bot/build/my_package/build/lib/my_package/obstacle_avoidance.py -> /home/levin/ROS2_WS/obstacle_avoidance_bot/install/my_package/lib/python3.10/site-packages/my_package
[1.545s] byte-compiling /home/levin/ROS2_WS/obstacle_avoidance_bot/install/my_package/lib/python3.10/site-packages/my_package/obstacle_avoidance.py to obstacle_avoidance.cpython-310.pyc
[1.548s] running install_data
[1.549s] running install_egg_info
[1.552s] removing '/home/levin/ROS2_WS/obstacle_avoidance_bot/install/my_package/lib/python3.10/site-packages/my_package-0.0.0-py3.10.egg-info' (and everything under it)
[1.560s] Copying ../build/my_package/my_package.egg-info to /home/levin/ROS2_WS/obstacle_avoidance_bot/install/my_package/lib/python3.10/site-packages/my_package-0.0.0-py3.10.egg-info
[1.565s] running install_scripts
[1.590s] Installing my_circle_movement script to /home/levin/ROS2_WS/obstacle_avoidance_bot/install/my_package/lib/my_package
[1.591s] Installing obstacle_avoidance_node script to /home/levin/ROS2_WS/obstacle_avoidance_bot/install/my_package/lib/my_package
[1.593s] writing list of installed files to '/home/levin/ROS2_WS/obstacle_avoidance_bot/build/my_package/install.log'
[1.638s] Invoked command in '/home/levin/ROS2_WS/obstacle_avoidance_bot/my_package' returned '0': PYTHONPATH=/home/levin/ROS2_WS/obstacle_avoidance_bot/build/my_package/prefix_override:/home/levin/ROS2_WS/obstacle_avoidance_bot/install/my_package/lib/python3.10/site-packages:${PYTHONPATH} /usr/bin/python3 setup.py egg_info --egg-base ../build/my_package build --build-base /home/levin/ROS2_WS/obstacle_avoidance_bot/build/my_package/build install --record /home/levin/ROS2_WS/obstacle_avoidance_bot/build/my_package/install.log --single-version-externally-managed
